{"meta": {"version": "7.4.0", "timestamp": "2024-01-25T16:13:00.832759", "branch_coverage": true, "show_contexts": false}, "files": {"gef.py": {"executed_lines": [52, 53, 54, 55, 56, 57, 58, 59, 60, 61, 62, 63, 64, 65, 66, 67, 68, 69, 70, 71, 72, 73, 74, 75, 76, 77, 78, 79, 80, 81, 82, 83, 84, 85, 86, 89, 92, 93, 95, 98, 99, 100, 101, 102, 105, 110, 111, 119, 120, 121, 122, 124, 125, 127, 130, 131, 133, 134, 136, 137, 138, 139, 140, 141, 142, 143, 144, 145, 146, 148, 149, 150, 151, 153, 156, 160, 161, 162, 163, 165, 166, 169, 172, 173, 178, 179, 181, 183, 186, 199, 200, 202, 207, 209, 210, 211, 212, 213, 214, 215, 216, 218, 221, 223, 224, 228, 229, 232, 235, 236, 239, 240, 242, 243, 244, 246, 247, 261, 262, 264, 270, 271, 272, 273, 275, 282, 284, 286, 292, 298, 304, 310, 312, 313, 316, 318, 319, 322, 324, 325, 328, 330, 331, 334, 336, 337, 342, 344, 345, 350, 352, 353, 354, 362, 365, 366, 367, 368, 370, 372, 375, 378, 379, 380, 381, 385, 388, 390, 391, 392, 393, 394, 395, 396, 397, 399, 400, 401, 402, 403, 405, 406, 407, 408, 409, 412, 415, 416, 417, 418, 420, 423, 425, 426, 427, 428, 430, 431, 434, 435, 436, 437, 438, 441, 445, 448, 452, 454, 455, 456, 457, 458, 459, 460, 461, 463, 464, 465, 472, 473, 474, 476, 478, 480, 481, 484, 485, 486, 487, 488, 489, 490, 491, 493, 495, 496, 497, 498, 499, 502, 503, 504, 523, 524, 525, 526, 527, 528, 529, 530, 531, 532, 533, 534, 535, 536, 537, 538, 539, 540, 541, 542, 543, 544, 545, 546, 548, 549, 551, 553, 554, 555, 556, 557, 558, 559, 560, 563, 564, 565, 566, 567, 568, 569, 571, 572, 573, 574, 575, 576, 577, 578, 579, 580, 581, 582, 584, 587, 588, 591, 592, 594, 595, 597, 598, 599, 600, 602, 603, 604, 607, 608, 609, 610, 611, 612, 613, 615, 616, 617, 618, 619, 620, 622, 623, 624, 625, 626, 627, 628, 629, 631, 632, 633, 634, 635, 636, 637, 639, 640, 641, 644, 645, 646, 648, 649, 650, 651, 652, 653, 654, 657, 658, 660, 661, 662, 663, 664, 665, 666, 667, 669, 672, 673, 675, 676, 678, 679, 680, 682, 684, 685, 689, 693, 696, 697, 704, 707, 708, 709, 711, 712, 714, 717, 721, 722, 725, 726, 727, 728, 729, 730, 732, 735, 737, 738, 739, 740, 742, 743, 745, 746, 749, 753, 754, 760, 761, 762, 764, 766, 767, 768, 769, 770, 771, 772, 773, 774, 775, 776, 777, 778, 780, 781, 782, 783, 784, 786, 787, 788, 789, 790, 791, 792, 793, 794, 795, 797, 798, 799, 800, 801, 802, 803, 804, 805, 806, 807, 808, 809, 810, 811, 812, 813, 814, 815, 816, 818, 819, 820, 821, 823, 825, 828, 829, 830, 831, 835, 838, 840, 842, 843, 847, 849, 852, 855, 856, 859, 862, 863, 866, 867, 871, 872, 874, 875, 876, 878, 879, 880, 881, 883, 884, 886, 887, 888, 889, 891, 892, 894, 897, 900, 901, 904, 905, 906, 908, 909, 918, 919, 920, 921, 922, 923, 924, 925, 926, 927, 929, 930, 931, 932, 933, 934, 937, 938, 939, 940, 941, 943, 944, 945, 947, 948, 949, 951, 952, 953, 955, 956, 957, 959, 960, 961, 963, 964, 965, 967, 968, 969, 971, 972, 973, 975, 976, 977, 979, 980, 981, 984, 985, 986, 987, 988, 989, 990, 991, 992, 993, 994, 995, 996, 997, 998, 999, 1000, 1001, 1002, 1003, 1004, 1005, 1006, 1007, 1009, 1010, 1013, 1014, 1015, 1016, 1018, 1019, 1020, 1021, 1022, 1023, 1024, 1025, 1027, 1028, 1030, 1031, 1032, 1033, 1034, 1035, 1036, 1042, 1043, 1045, 1051, 1052, 1053, 1054, 1055, 1056, 1057, 1058, 1059, 1060, 1061, 1062, 1063, 1064, 1065, 1066, 1067, 1068, 1069, 1070, 1071, 1072, 1073, 1074, 1075, 1076, 1077, 1078, 1079, 1080, 1081, 1082, 1083, 1084, 1085, 1086, 1087, 1088, 1089, 1090, 1091, 1092, 1094, 1095, 1098, 1099, 1100, 1101, 1102, 1103, 1104, 1105, 1106, 1107, 1108, 1109, 1110, 1111, 1112, 1113, 1114, 1116, 1117, 1118, 1120, 1121, 1122, 1123, 1124, 1125, 1126, 1127, 1128, 1129, 1130, 1132, 1133, 1135, 1136, 1137, 1138, 1139, 1140, 1141, 1148, 1149, 1150, 1152, 1153, 1154, 1158, 1159, 1160, 1161, 1162, 1163, 1164, 1165, 1167, 1173, 1174, 1176, 1177, 1179, 1183, 1184, 1187, 1190, 1192, 1193, 1194, 1195, 1198, 1199, 1201, 1202, 1204, 1205, 1207, 1212, 1213, 1214, 1216, 1217, 1219, 1220, 1221, 1222, 1223, 1224, 1225, 1226, 1231, 1232, 1235, 1236, 1237, 1240, 1241, 1244, 1245, 1247, 1248, 1249, 1250, 1252, 1253, 1254, 1255, 1256, 1258, 1259, 1260, 1263, 1266, 1269, 1270, 1271, 1273, 1274, 1277, 1278, 1281, 1282, 1284, 1289, 1290, 1291, 1292, 1298, 1299, 1300, 1303, 1304, 1306, 1307, 1308, 1309, 1310, 1311, 1313, 1314, 1315, 1316, 1320, 1322, 1326, 1335, 1337, 1340, 1344, 1345, 1346, 1348, 1349, 1350, 1355, 1356, 1358, 1359, 1360, 1361, 1362, 1364, 1367, 1368, 1370, 1371, 1372, 1374, 1375, 1377, 1378, 1379, 1381, 1382, 1383, 1385, 1386, 1388, 1389, 1392, 1394, 1397, 1398, 1399, 1401, 1402, 1403, 1405, 1406, 1407, 1409, 1410, 1411, 1413, 1414, 1415, 1417, 1418, 1419, 1421, 1422, 1423, 1425, 1426, 1429, 1430, 1431, 1433, 1434, 1437, 1438, 1441, 1442, 1443, 1445, 1446, 1447, 1449, 1451, 1452, 1453, 1454, 1456, 1457, 1458, 1459, 1460, 1462, 1467, 1468, 1470, 1471, 1472, 1473, 1475, 1476, 1477, 1479, 1481, 1482, 1484, 1485, 1486, 1490, 1492, 1493, 1496, 1499, 1500, 1501, 1502, 1503, 1505, 1506, 1521, 1522, 1526, 1527, 1528, 1529, 1531, 1532, 1538, 1539, 1540, 1541, 1542, 1544, 1552, 1554, 1555, 1556, 1557, 1558, 1559, 1560, 1561, 1562, 1563, 1565, 1566, 1567, 1569, 1570, 1572, 1573, 1576, 1577, 1578, 1580, 1581, 1582, 1584, 1585, 1586, 1588, 1589, 1592, 1593, 1596, 1597, 1600, 1602, 1603, 1604, 1605, 1606, 1608, 1609, 1610, 1612, 1613, 1615, 1616, 1617, 1618, 1620, 1621, 1623, 1624, 1626, 1629, 1631, 1634, 1635, 1638, 1639, 1641, 1642, 1643, 1645, 1646, 1648, 1649, 1651, 1652, 1654, 1655, 1657, 1661, 1664, 1665, 1667, 1668, 1669, 1671, 1672, 1673, 1674, 1678, 1679, 1680, 1681, 1685, 1686, 1688, 1690, 1707, 1708, 1711, 1712, 1716, 1718, 1720, 1721, 1722, 1723, 1724, 1725, 1727, 1730, 1732, 1733, 1734, 1735, 1737, 1739, 1746, 1748, 1749, 1751, 1753, 1754, 1756, 1757, 1760, 1762, 1763, 1764, 1765, 1767, 1770, 1773, 1774, 1775, 1776, 1779, 1780, 1781, 1784, 1785, 1786, 1789, 1790, 1791, 1794, 1795, 1796, 1799, 1801, 1804, 1805, 1808, 1811, 1817, 1818, 1820, 1821, 1822, 1824, 1825, 1827, 1830, 1831, 1833, 1834, 1835, 1836, 1837, 1838, 1839, 1840, 1842, 1843, 1844, 1848, 1849, 1850, 1853, 1855, 1856, 1857, 1858, 1861, 1863, 1866, 1867, 1869, 1870, 1871, 1872, 1873, 1875, 1878, 1879, 1886, 1887, 1888, 1890, 1891, 1892, 1893, 1895, 1896, 1897, 1898, 1901, 1909, 1910, 1912, 1913, 1914, 1916, 1917, 1918, 1920, 1921, 1922, 1923, 1927, 1928, 1931, 1933, 1936, 1938, 1941, 1943, 1944, 1947, 1949, 1950, 1953, 1954, 1955, 1956, 1958, 1959, 1960, 1963, 1964, 1965, 1966, 1967, 1969, 1971, 1972, 1973, 1974, 1975, 1977, 1979, 1980, 1981, 1984, 1994, 2000, 2001, 2009, 2010, 2018, 2019, 2024, 2025, 2026, 2030, 2031, 2032, 2033, 2034, 2035, 2038, 2047, 2048, 2050, 2051, 2052, 2053, 2054, 2055, 2056, 2057, 2058, 2060, 2062, 2063, 2065, 2067, 2070, 2073, 2077, 2081, 2082, 2083, 2084, 2086, 2089, 2094, 2097, 2101, 2102, 2104, 2107, 2108, 2113, 2116, 2119, 2121, 2122, 2125, 2127, 2130, 2132, 2135, 2138, 2140, 2141, 2142, 2143, 2144, 2145, 2146, 2151, 2152, 2155, 2157, 2158, 2161, 2176, 2177, 2181, 2182, 2209, 2210, 2215, 2219, 2220, 2224, 2225, 2229, 2231, 2232, 2233, 2234, 2237, 2238, 2239, 2240, 2243, 2244, 2245, 2246, 2252, 2253, 2256, 2257, 2258, 2260, 2262, 2263, 2264, 2265, 2266, 2269, 2270, 2273, 2274, 2275, 2276, 2277, 2278, 2279, 2280, 2281, 2282, 2283, 2286, 2287, 2288, 2289, 2291, 2292, 2293, 2296, 2299, 2302, 2305, 2306, 2310, 2312, 2315, 2318, 2321, 2324, 2327, 2330, 2331, 2333, 2334, 2337, 2338, 2339, 2341, 2343, 2344, 2345, 2347, 2348, 2350, 2351, 2352, 2353, 2356, 2357, 2358, 2360, 2361, 2362, 2363, 2365, 2366, 2369, 2370, 2371, 2373, 2374, 2375, 2377, 2378, 2381, 2382, 2383, 2389, 2391, 2392, 2393, 2394, 2395, 2396, 2401, 2403, 2405, 2406, 2407, 2408, 2411, 2412, 2413, 2414, 2415, 2416, 2417, 2418, 2419, 2420, 2421, 2422, 2423, 2426, 2427, 2428, 2429, 2430, 2435, 2436, 2437, 2438, 2439, 2441, 2442, 2444, 2445, 2448, 2451, 2462, 2463, 2466, 2467, 2475, 2478, 2534, 2545, 2546, 2547, 2548, 2552, 2553, 2554, 2555, 2564, 2565, 2566, 2567, 2569, 2573, 2574, 2580, 2581, 2586, 2587, 2590, 2591, 2595, 2596, 2599, 2604, 2616, 2623, 2627, 2660, 2684, 2685, 2702, 2703, 2704, 2705, 2707, 2713, 2714, 2715, 2726, 2727, 2728, 2729, 2731, 2736, 2743, 2747, 2751, 2752, 2762, 2763, 2786, 2793, 2824, 2825, 2826, 2827, 2829, 2830, 2831, 2832, 2833, 2834, 2835, 2836, 2837, 2851, 2852, 2853, 2854, 2856, 2857, 2858, 2859, 2860, 2862, 2863, 2864, 2865, 2867, 2868, 2870, 2871, 2872, 2878, 2880, 2925, 2926, 2927, 2928, 2933, 2935, 2937, 2938, 2953, 2964, 2965, 2966, 2967, 2969, 2972, 2973, 2974, 2975, 2976, 2978, 2979, 2981, 2982, 3007, 3008, 3010, 3011, 3012, 3013, 3015, 3021, 3022, 3023, 3024, 3025, 3036, 3037, 3038, 3039, 3042, 3049, 3052, 3055, 3060, 3073, 3083, 3084, 3109, 3110, 3111, 3112, 3113, 3116, 3117, 3120, 3121, 3122, 3124, 3130, 3131, 3132, 3133, 3134, 3142, 3143, 3144, 3146, 3153, 3156, 3159, 3168, 3192, 3202, 3203, 3222, 3223, 3227, 3228, 3229, 3231, 3238, 3239, 3246, 3248, 3249, 3268, 3269, 3270, 3271, 3274, 3280, 3281, 3282, 3283, 3284, 3285, 3286, 3287, 3288, 3290, 3293, 3296, 3299, 3304, 3326, 3336, 3337, 3353, 3354, 3355, 3356, 3357, 3359, 3360, 3361, 3363, 3366, 3385, 3386, 3387, 3391, 3392, 3393, 3397, 3403, 3409, 3411, 3412, 3415, 3422, 3423, 3427, 3428, 3429, 3430, 3431, 3432, 3435, 3436, 3443, 3444, 3445, 3446, 3447, 3448, 3451, 3453, 3454, 3455, 3456, 3460, 3468, 3469, 3471, 3472, 3473, 3474, 3475, 3478, 3479, 3481, 3482, 3483, 3484, 3486, 3487, 3489, 3491, 3492, 3495, 3498, 3502, 3503, 3506, 3507, 3508, 3510, 3513, 3514, 3517, 3521, 3522, 3523, 3528, 3529, 3532, 3533, 3534, 3538, 3539, 3542, 3543, 3544, 3545, 3548, 3549, 3552, 3553, 3554, 3556, 3557, 3560, 3562, 3563, 3566, 3568, 3569, 3570, 3573, 3575, 3578, 3580, 3581, 3582, 3585, 3587, 3588, 3589, 3590, 3591, 3592, 3595, 3596, 3599, 3600, 3601, 3602, 3603, 3604, 3605, 3606, 3608, 3609, 3613, 3617, 3620, 3624, 3627, 3628, 3629, 3630, 3631, 3632, 3635, 3636, 3637, 3651, 3653, 3654, 3657, 3659, 3660, 3663, 3665, 3666, 3691, 3692, 3694, 3697, 3698, 3700, 3703, 3704, 3706, 3709, 3710, 3712, 3715, 3716, 3717, 3720, 3721, 3725, 3733, 3736, 3744, 3745, 3746, 3747, 3752, 3753, 3754, 3757, 3760, 3761, 3762, 3763, 3764, 3765, 3768, 3769, 3788, 3791, 3792, 3793, 3806, 3808, 3809, 3810, 3813, 3815, 3816, 3818, 3821, 3824, 3826, 3829, 3834, 3840, 3842, 3843, 3844, 3847, 3848, 3849, 3850, 3853, 3855, 3858, 3860, 3861, 3863, 3864, 3865, 3866, 3867, 3869, 3870, 3872, 3873, 3874, 3876, 3879, 3881, 3882, 3885, 3888, 3889, 3890, 3891, 3892, 3895, 3896, 3898, 3899, 3903, 3905, 3906, 3908, 3909, 3910, 3911, 3912, 3915, 3918, 3919, 3920, 3921, 3922, 3923, 3924, 3927, 3930, 3932, 3933, 3936, 3937, 3951, 3952, 3956, 3957, 3961, 3962, 3966, 3967, 3972, 3973, 3977, 3978, 3982, 3983, 3987, 3988, 3993, 3994, 3998, 3999, 4003, 4004, 4008, 4009, 4016, 4017, 4018, 4021, 4022, 4026, 4027, 4028, 4031, 4032, 4036, 4037, 4038, 4041, 4042, 4043, 4046, 4047, 4048, 4051, 4052, 4053, 4056, 4057, 4061, 4062, 4066, 4067, 4068, 4071, 4072, 4076, 4077, 4078, 4081, 4082, 4090, 4091, 4093, 4096, 4097, 4099, 4100, 4102, 4103, 4106, 4108, 4109, 4112, 4113, 4114, 4119, 4123, 4124, 4125, 4126, 4128, 4141, 4142, 4143, 4144, 4145, 4146, 4147, 4149, 4150, 4151, 4152, 4153, 4155, 4158, 4159, 4160, 4161, 4162, 4163, 4165, 4166, 4171, 4172, 4174, 4175, 4176, 4177, 4179, 4180, 4181, 4182, 4183, 4185, 4186, 4187, 4188, 4190, 4193, 4194, 4197, 4203, 4211, 4212, 4214, 4215, 4216, 4217, 4218, 4220, 4221, 4222, 4223, 4224, 4225, 4228, 4229, 4231, 4232, 4233, 4234, 4235, 4236, 4238, 4239, 4240, 4244, 4245, 4246, 4249, 4259, 4269, 4271, 4273, 4274, 4275, 4276, 4277, 4279, 4293, 4294, 4297, 4298, 4300, 4301, 4302, 4303, 4305, 4306, 4307, 4308, 4309, 4310, 4313, 4314, 4316, 4317, 4318, 4319, 4320, 4321, 4323, 4324, 4325, 4329, 4330, 4331, 4332, 4337, 4339, 4341, 4343, 4349, 4351, 4354, 4355, 4357, 4358, 4359, 4360, 4362, 4363, 4364, 4365, 4366, 4367, 4368, 4369, 4371, 4372, 4381, 4392, 4394, 4395, 4407, 4409, 4410, 4412, 4413, 4416, 4417, 4419, 4420, 4421, 4422, 4423, 4425, 4426, 4427, 4428, 4429, 4432, 4433, 4435, 4436, 4437, 4438, 4439, 4440, 4442, 4463, 4464, 4466, 4467, 4468, 4469, 4471, 4472, 4473, 4476, 4477, 4479, 4480, 4481, 4482, 4483, 4485, 4495, 4520, 4521, 4525, 4526, 4530, 4531, 4537, 4538, 4540, 4542, 4543, 4544, 4545, 4547, 4548, 4550, 4551, 4552, 4553, 4555, 4556, 4561, 4562, 4564, 4565, 4566, 4567, 4569, 4570, 4571, 4572, 4575, 4576, 4577, 4578, 4579, 4580, 4581, 4582, 4583, 4584, 4585, 4586, 4587, 4588, 4589, 4590, 4591, 4592, 4594, 4595, 4596, 4597, 4598, 4599, 4602, 4603, 4604, 4605, 4608, 4610, 4611, 4612, 4614, 4617, 4618, 4620, 4621, 4623, 4624, 4625, 4627, 4628, 4629, 4630, 4632, 4633, 4635, 4637, 4638, 4641, 4642, 4643, 4645, 4646, 4649, 4650, 4652, 4653, 4656, 4658, 4659, 4660, 4661, 4662, 4663, 4665, 4667, 4668, 4669, 4671, 4672, 4675, 4679, 4680, 4681, 4682, 4683, 4692, 4693, 4694, 4696, 4697, 4698, 4700, 4701, 4702, 4703, 4704, 4706, 4707, 4708, 4709, 4714, 4715, 4716, 4717, 4719, 4720, 4721, 4724, 4725, 4726, 4728, 4729, 4731, 4732, 4733, 4739, 4741, 4742, 4743, 4744, 4746, 4747, 4749, 4756, 4757, 4758, 4760, 4761, 4763, 4764, 4768, 4769, 4770, 4772, 4773, 4774, 4775, 4776, 4778, 4779, 4780, 4781, 4782, 4784, 4786, 4787, 4788, 4789, 4790, 4791, 4792, 4795, 4796, 4797, 4800, 4801, 4805, 4811, 4812, 4815, 4816, 4817, 4819, 4820, 4822, 4823, 4824, 4826, 4827, 4828, 4829, 4832, 4833, 4834, 4836, 4837, 4839, 4840, 4841, 4842, 4846, 4847, 4850, 4855, 4857, 4858, 4859, 4860, 4861, 4864, 4865, 4866, 4868, 4869, 4871, 4872, 4873, 4874, 4876, 4878, 4882, 4883, 4886, 4887, 4890, 4891, 4892, 4894, 4895, 4897, 4898, 4900, 4901, 4906, 4909, 4912, 4913, 4915, 4917, 4920, 4921, 4924, 4925, 4926, 4928, 4929, 4931, 4933, 4934, 4938, 4942, 4946, 4947, 4948, 4949, 4950, 4951, 4952, 4953, 4956, 4957, 4959, 4960, 4964, 4967, 4968, 4969, 4971, 4972, 4974, 4991, 4992, 4993, 4995, 4996, 4998, 5015, 5016, 5017, 5019, 5020, 5021, 5024, 5025, 5026, 5027, 5028, 5030, 5031, 5032, 5034, 5035, 5036, 5037, 5038, 5040, 5041, 5042, 5043, 5044, 5045, 5046, 5047, 5050, 5052, 5053, 5054, 5055, 5056, 5057, 5061, 5062, 5063, 5064, 5069, 5071, 5072, 5073, 5074, 5075, 5078, 5081, 5082, 5083, 5085, 5086, 5088, 5089, 5090, 5092, 5093, 5094, 5095, 5099, 5100, 5104, 5105, 5106, 5109, 5110, 5111, 5114, 5115, 5116, 5118, 5119, 5120, 5122, 5123, 5124, 5125, 5126, 5127, 5128, 5129, 5130, 5132, 5133, 5134, 5135, 5136, 5137, 5138, 5139, 5141, 5142, 5143, 5145, 5146, 5148, 5149, 5150, 5151, 5152, 5153, 5155, 5156, 5157, 5158, 5159, 5162, 5164, 5165, 5166, 5167, 5168, 5169, 5171, 5173, 5174, 5175, 5176, 5177, 5178, 5187, 5188, 5189, 5191, 5192, 5193, 5197, 5198, 5199, 5200, 5201, 5203, 5204, 5205, 5206, 5207, 5208, 5209, 5212, 5214, 5218, 5220, 5235, 5239, 5240, 5241, 5242, 5243, 5244, 5266, 5267, 5268, 5270, 5271, 5273, 5274, 5275, 5276, 5277, 5278, 5279, 5280, 5281, 5282, 5283, 5284, 5285, 5286, 5287, 5288, 5289, 5290, 5291, 5292, 5294, 5295, 5296, 5298, 5299, 5300, 5301, 5302, 5303, 5305, 5306, 5307, 5308, 5310, 5311, 5312, 5313, 5315, 5316, 5317, 5320, 5321, 5322, 5323, 5324, 5325, 5326, 5328, 5330, 5332, 5333, 5335, 5336, 5337, 5338, 5339, 5340, 5341, 5342, 5343, 5344, 5345, 5347, 5349, 5350, 5351, 5352, 5353, 5354, 5355, 5356, 5358, 5360, 5365, 5366, 5367, 5369, 5370, 5376, 5377, 5380, 5381, 5382, 5383, 5384, 5385, 5387, 5393, 5394, 5395, 5396, 5397, 5399, 5401, 5403, 5405, 5406, 5407, 5408, 5409, 5410, 5411, 5413, 5414, 5428, 5429, 5430, 5431, 5432, 5433, 5435, 5436, 5437, 5438, 5440, 5442, 5443, 5444, 5445, 5446, 5447, 5448, 5450, 5453, 5454, 5455, 5456, 5457, 5460, 5461, 5462, 5465, 5468, 5470, 5471, 5472, 5473, 5475, 5476, 5477, 5478, 5479, 5480, 5481, 5483, 5490, 5491, 5492, 5494, 5495, 5496, 5497, 5499, 5500, 5501, 5502, 5503, 5505, 5506, 5507, 5508, 5509, 5511, 5512, 5518, 5519, 5521, 5522, 5523, 5524, 5527, 5528, 5529, 5536, 5537, 5539, 5541, 5542, 5543, 5544, 5545, 5546, 5549, 5551, 5552, 5553, 5554, 5558, 5560, 5561, 5562, 5564, 5568, 5569, 5570, 5571, 5572, 5573, 5575, 5576, 5577, 5579, 5580, 5581, 5582, 5585, 5586, 5587, 5589, 5590, 5592, 5593, 5594, 5596, 5598, 5599, 5600, 5601, 5602, 5603, 5604, 5605, 5606, 5609, 5610, 5611, 5613, 5614, 5615, 5617, 5618, 5619, 5621, 5622, 5626, 5627, 5628, 5629, 5630, 5631, 5633, 5634, 5637, 5638, 5639, 5641, 5642, 5643, 5645, 5646, 5647, 5649, 5658, 5670, 5683, 5684, 5685, 5687, 5688, 5689, 5691, 5692, 5693, 5754, 5760, 5761, 5762, 5765, 5766, 5767, 5768, 5770, 5771, 5772, 5776, 5777, 5779, 5782, 5784, 5785, 5787, 5790, 5791, 5793, 5797, 5801, 5802, 5804, 5805, 5806, 5807, 5809, 5810, 5812, 5813, 5815, 5816, 5817, 5821, 5822, 5823, 5824, 5825, 5826, 5827, 5828, 5832, 5835, 5836, 5837, 5840, 5841, 5842, 5843, 5848, 5849, 5850, 5851, 5852, 5854, 5855, 5856, 5857, 5859, 5860, 5861, 5862, 5864, 5865, 5866, 5868, 5870, 5871, 5872, 5874, 5875, 5876, 5880, 5881, 5885, 5886, 5887, 5888, 5889, 5890, 5892, 5893, 5894, 5896, 5898, 5900, 5903, 5904, 5906, 5907, 5908, 5912, 5913, 5916, 5917, 5918, 5919, 5920, 5921, 5922, 5923, 5924, 5925, 5927, 5929, 5931, 5933, 5934, 5935, 5936, 5938, 5939, 5940, 5942, 5943, 5944, 5945, 5946, 5947, 5949, 5950, 5952, 5953, 5954, 5955, 5959, 5960, 5961, 5963, 5964, 5966, 5967, 5969, 5971, 5972, 5974, 5978, 5984, 6003, 6004, 6005, 6008, 6009, 6010, 6012, 6013, 6014, 6015, 6018, 6019, 6023, 6024, 6027, 6028, 6030, 6034, 6038, 6039, 6040, 6041, 6042, 6043, 6044, 6045, 6047, 6049, 6051, 6052, 6055, 6056, 6057, 6063, 6064, 6065, 6069, 6070, 6071, 6073, 6074, 6075, 6080, 6081, 6086, 6087, 6088, 6089, 6090, 6100, 6101, 6103, 6104, 6105, 6106, 6107, 6109, 6110, 6111, 6112, 6113, 6116, 6117, 6118, 6120, 6121, 6125, 6130, 6131, 6132, 6134, 6135, 6136, 6137, 6138, 6139, 6141, 6142, 6143, 6145, 6146, 6147, 6150, 6151, 6152, 6155, 6156, 6162, 6170, 6171, 6172, 6174, 6175, 6176, 6177, 6178, 6179, 6180, 6181, 6182, 6183, 6185, 6186, 6187, 6189, 6190, 6191, 6192, 6193, 6195, 6196, 6197, 6198, 6199, 6200, 6201, 6203, 6204, 6207, 6208, 6209, 6211, 6212, 6213, 6214, 6215, 6216, 6217, 6219, 6221, 6222, 6225, 6226, 6227, 6229, 6230, 6231, 6236, 6237, 6239, 6242, 6243, 6244, 6247, 6248, 6251, 6253, 6254, 6255, 6257, 6258, 6259, 6260, 6261, 6262, 6263, 6266, 6267, 6268, 6270, 6271, 6273, 6274, 6275, 6277, 6278, 6283, 6284, 6285, 6287, 6288, 6289, 6291, 6292, 6293, 6295, 6296, 6297, 6300, 6302, 6306, 6310, 6311, 6316, 6317, 6319, 6323, 6326, 6327, 6328, 6330, 6331, 6333, 6334, 6335, 6336, 6337, 6340, 6341, 6342, 6345, 6346, 6348, 6349, 6350, 6352, 6353, 6354, 6355, 6356, 6361, 6362, 6364, 6365, 6366, 6369, 6370, 6371, 6372, 6374, 6375, 6378, 6380, 6381, 6384, 6385, 6386, 6387, 6388, 6390, 6391, 6392, 6395, 6396, 6397, 6398, 6399, 6405, 6406, 6408, 6409, 6410, 6411, 6412, 6414, 6415, 6416, 6418, 6421, 6422, 6423, 6424, 6425, 6427, 6428, 6429, 6430, 6432, 6433, 6434, 6435, 6436, 6437, 6438, 6439, 6440, 6442, 6443, 6444, 6447, 6448, 6449, 6452, 6453, 6454, 6455, 6457, 6458, 6459, 6460, 6461, 6462, 6463, 6464, 6465, 6466, 6467, 6468, 6469, 6470, 6471, 6476, 6477, 6478, 6481, 6483, 6484, 6485, 6487, 6488, 6489, 6491, 6493, 6494, 6495, 6496, 6497, 6498, 6499, 6501, 6502, 6503, 6505, 6507, 6511, 6512, 6514, 6515, 6517, 6518, 6520, 6521, 6522, 6523, 6525, 6527, 6528, 6530, 6532, 6533, 6534, 6536, 6537, 6539, 6542, 6543, 6544, 6547, 6548, 6549, 6551, 6552, 6553, 6555, 6556, 6570, 6571, 6573, 6574, 6578, 6580, 6583, 6585, 6586, 6587, 6588, 6590, 6592, 6593, 6594, 6595, 6596, 6597, 6599, 6600, 6601, 6604, 6605, 6606, 6609, 6610, 6612, 6614, 6615, 6616, 6618, 6619, 6621, 6625, 6626, 6631, 6632, 6633, 6634, 6638, 6640, 6641, 6642, 6644, 6646, 6647, 6651, 6652, 6653, 6654, 6655, 6656, 6657, 6660, 6661, 6662, 6664, 6665, 6666, 6667, 6669, 6673, 6675, 6676, 6677, 6679, 6684, 6685, 6686, 6687, 6688, 6689, 6690, 6692, 6693, 6695, 6696, 6698, 6700, 6703, 6714, 6716, 6721, 6723, 6729, 6740, 6744, 6748, 6749, 6751, 6752, 6753, 6756, 6757, 6758, 6761, 6762, 6764, 6765, 6766, 6768, 6769, 6770, 6771, 6772, 6774, 6775, 6779, 6780, 6781, 6783, 6784, 6788, 6789, 6790, 6791, 6792, 6794, 6795, 6796, 6797, 6799, 6800, 6801, 6805, 6808, 6810, 6811, 6812, 6818, 6819, 6822, 6823, 6824, 6827, 6828, 6830, 6831, 6832, 6834, 6835, 6836, 6837, 6838, 6842, 6843, 6844, 6845, 6846, 6847, 6848, 6849, 6852, 6853, 6854, 6856, 6857, 6859, 6860, 6861, 6863, 6864, 6865, 6866, 6867, 6871, 6872, 6873, 6874, 6875, 6876, 6877, 6878, 6880, 6881, 6882, 6883, 6886, 6887, 6888, 6890, 6891, 6893, 6894, 6895, 6897, 6898, 6899, 6900, 6901, 6905, 6906, 6907, 6908, 6909, 6910, 6911, 6912, 6914, 6915, 6916, 6917, 6920, 6921, 6922, 6924, 6925, 6926, 6929, 6930, 6931, 6932, 6933, 6934, 6935, 6937, 6938, 6939, 6940, 6941, 6942, 6945, 6946, 6947, 6948, 6949, 6951, 6952, 6953, 6956, 6958, 6963, 6964, 6965, 6966, 6967, 6968, 6970, 6973, 6974, 6975, 6976, 6978, 6980, 6981, 6982, 6983, 6985, 6986, 6987, 6989, 6990, 6992, 6993, 6994, 6995, 6998, 6999, 7000, 7001, 7002, 7003, 7004, 7005, 7007, 7009, 7010, 7011, 7014, 7015, 7016, 7019, 7020, 7022, 7023, 7024, 7026, 7027, 7028, 7029, 7032, 7033, 7034, 7036, 7037, 7038, 7040, 7041, 7043, 7044, 7049, 7050, 7052, 7054, 7056, 7057, 7061, 7064, 7065, 7067, 7068, 7069, 7070, 7071, 7072, 7073, 7074, 7075, 7077, 7078, 7081, 7082, 7083, 7085, 7086, 7087, 7089, 7090, 7092, 7093, 7098, 7103, 7104, 7106, 7107, 7108, 7109, 7110, 7111, 7113, 7114, 7115, 7116, 7117, 7118, 7119, 7122, 7123, 7124, 7127, 7128, 7129, 7130, 7132, 7133, 7134, 7135, 7137, 7138, 7139, 7140, 7141, 7142, 7143, 7145, 7146, 7147, 7149, 7150, 7152, 7158, 7163, 7164, 7166, 7168, 7169, 7170, 7172, 7173, 7174, 7176, 7177, 7178, 7180, 7182, 7184, 7187, 7188, 7189, 7192, 7193, 7194, 7196, 7197, 7198, 7200, 7201, 7202, 7204, 7208, 7209, 7212, 7213, 7218, 7235, 7236, 7238, 7239, 7241, 7244, 7245, 7246, 7248, 7251, 7252, 7253, 7256, 7257, 7258, 7260, 7262, 7265, 7266, 7267, 7271, 7272, 7273, 7275, 7276, 7277, 7278, 7280, 7281, 7282, 7286, 7290, 7291, 7292, 7294, 7295, 7297, 7298, 7299, 7300, 7301, 7302, 7303, 7329, 7334, 7346, 7347, 7348, 7350, 7351, 7352, 7353, 7355, 7356, 7357, 7359, 7360, 7361, 7362, 7367, 7368, 7371, 7372, 7373, 7378, 7379, 7380, 7382, 7384, 7385, 7386, 7387, 7388, 7389, 7390, 7391, 7392, 7393, 7394, 7395, 7396, 7397, 7398, 7399, 7400, 7401, 7402, 7403, 7404, 7405, 7406, 7407, 7408, 7410, 7423, 7424, 7426, 7427, 7428, 7429, 7431, 7432, 7433, 7442, 7443, 7444, 7445, 7447, 7451, 7454, 7456, 7459, 7461, 7462, 7465, 7466, 7468, 7469, 7472, 7473, 7474, 7477, 7479, 7487, 7489, 7491, 7493, 7495, 7498, 7499, 7502, 7503, 7504, 7506, 7507, 7508, 7509, 7510, 7511, 7512, 7513, 7514, 7516, 7517, 7518, 7521, 7522, 7523, 7524, 7525, 7587, 7588, 7590, 7591, 7593, 7594, 7595, 7599, 7604, 7606, 7607, 7609, 7610, 7611, 7612, 7613, 7614, 7615, 7616, 7617, 7619, 7620, 7622, 7624, 7627, 7628, 7629, 7630, 7631, 7633, 7634, 7636, 7637, 7639, 7640, 7642, 7643, 7645, 7654, 7656, 7657, 7660, 7662, 7664, 7665, 7666, 7670, 7675, 7676, 7677, 7679, 7680, 7681, 7682, 7717, 7737, 7799, 7800, 7801, 7803, 7804, 7805, 7806, 7807, 7809, 7810, 7813, 7814, 7815, 7817, 7818, 7820, 7821, 7822, 7823, 7825, 7826, 7828, 7829, 7830, 7835, 7836, 7837, 7838, 7840, 7841, 7842, 7844, 7846, 7847, 7849, 7850, 7851, 7852, 7853, 7854, 7855, 7856, 7858, 7859, 7860, 7861, 7862, 7863, 7865, 7866, 7867, 7868, 7869, 7870, 7871, 7872, 7873, 7874, 7875, 7876, 7877, 7878, 7879, 7881, 7882, 7883, 7884, 7888, 7889, 7890, 7892, 7893, 7896, 7898, 7899, 7901, 7902, 7906, 7910, 7911, 7912, 7913, 7918, 7919, 7920, 7922, 7923, 7924, 7927, 7928, 7929, 7930, 7931, 7932, 7933, 7934, 7935, 7937, 7938, 7939, 7940, 7943, 7944, 7945, 7949, 7951, 7952, 7953, 7954, 7955, 7956, 7957, 7958, 7959, 7960, 7962, 7963, 7965, 7966, 7967, 7968, 7971, 7972, 7973, 7974, 7975, 7977, 7979, 7980, 7981, 7986, 7988, 7989, 7990, 7993, 7996, 8000, 8001, 8003, 8004, 8005, 8006, 8007, 8009, 8010, 8011, 8012, 8013, 8016, 8017, 8018, 8022, 8027, 8028, 8030, 8031, 8032, 8034, 8035, 8036, 8038, 8039, 8040, 8041, 8044, 8046, 8047, 8048, 8049, 8050, 8053, 8055, 8056, 8057, 8058, 8059, 8060, 8061, 8062, 8064, 8065, 8066, 8069, 8070, 8071, 8072, 8073, 8075, 8076, 8077, 8079, 8080, 8085, 8086, 8087, 8088, 8089, 8090, 8093, 8094, 8095, 8097, 8098, 8099, 8103, 8104, 8105, 8107, 8108, 8109, 8114, 8116, 8117, 8119, 8120, 8121, 8124, 8125, 8126, 8127, 8128, 8129, 8132, 8133, 8134, 8136, 8137, 8138, 8142, 8143, 8144, 8145, 8148, 8151, 8152, 8153, 8154, 8155, 8157, 8158, 8159, 8160, 8161, 8164, 8165, 8166, 8167, 8168, 8170, 8171, 8172, 8173, 8174, 8182, 8183, 8184, 8186, 8187, 8188, 8190, 8191, 8192, 8193, 8194, 8195, 8197, 8198, 8199, 8200, 8201, 8205, 8206, 8207, 8208, 8210, 8211, 8212, 8213, 8214, 8216, 8217, 8219, 8220, 8222, 8223, 8224, 8226, 8227, 8229, 8230, 8232, 8238, 8239, 8240, 8241, 8243, 8244, 8245, 8246, 8247, 8248, 8249, 8250, 8251, 8253, 8255, 8257, 8260, 8261, 8262, 8264, 8265, 8266, 8268, 8269, 8270, 8271, 8274, 8275, 8276, 8278, 8279, 8280, 8282, 8283, 8284, 8285, 8288, 8289, 8290, 8292, 8293, 8294, 8296, 8297, 8298, 8299, 8302, 8303, 8304, 8306, 8307, 8308, 8310, 8311, 8312, 8313, 8316, 8317, 8318, 8320, 8321, 8323, 8330, 8331, 8332, 8333, 8335, 8336, 8337, 8338, 8339, 8343, 8347, 8348, 8349, 8351, 8352, 8353, 8354, 8355, 8360, 8361, 8362, 8363, 8364, 8365, 8366, 8369, 8370, 8371, 8373, 8374, 8375, 8377, 8378, 8379, 8380, 8383, 8384, 8385, 8387, 8388, 8389, 8391, 8392, 8393, 8394, 8397, 8398, 8399, 8401, 8402, 8403, 8405, 8406, 8407, 8408, 8411, 8412, 8413, 8415, 8416, 8417, 8419, 8420, 8421, 8422, 8425, 8426, 8427, 8429, 8430, 8431, 8436, 8437, 8438, 8439, 8443, 8444, 8446, 8447, 8448, 8451, 8454, 8455, 8456, 8459, 8460, 8461, 8462, 8463, 8464, 8466, 8467, 8468, 8469, 8470, 8472, 8476, 8477, 8479, 8480, 8482, 8483, 8484, 8485, 8486, 8489, 8490, 8491, 8492, 8493, 8494, 8496, 8497, 8498, 8499, 8500, 8501, 8502, 8504, 8506, 8507, 8510, 8511, 8513, 8516, 8517, 8518, 8521, 8522, 8523, 8524, 8526, 8527, 8528, 8529, 8531, 8532, 8533, 8534, 8536, 8537, 8539, 8540, 8541, 8542, 8543, 8544, 8549, 8551, 8552, 8553, 8554, 8556, 8557, 8558, 8560, 8561, 8563, 8564, 8565, 8566, 8567, 8569, 8570, 8572, 8573, 8575, 8576, 8577, 8579, 8583, 8592, 8593, 8594, 8595, 8597, 8598, 8600, 8601, 8603, 8604, 8605, 8606, 8608, 8611, 8612, 8613, 8616, 8617, 8619, 8620, 8622, 8623, 8624, 8625, 8628, 8629, 8630, 8632, 8634, 8635, 8637, 8638, 8639, 8640, 8641, 8653, 8654, 8655, 8658, 8659, 8661, 8662, 8663, 8666, 8667, 8668, 8671, 8672, 8673, 8675, 8676, 8677, 8678, 8682, 8685, 8687, 8688, 8690, 8691, 8692, 8693, 8694, 8695, 8696, 8700, 8702, 8703, 8704, 8705, 8706, 8708, 8709, 8711, 8716, 8719, 8721, 8722, 8724, 8725, 8727, 8734, 8735, 8736, 8737, 8738, 8742, 8743, 8744, 8749, 8750, 8751, 8753, 8754, 8755, 8756, 8757, 8759, 8760, 8762, 8763, 8769, 8775, 8776, 8779, 8780, 8781, 8783, 8784, 8785, 8787, 8788, 8789, 8791, 8792, 8793, 8794, 8795, 8796, 8798, 8799, 8800, 8801, 8802, 8806, 8808, 8809, 8810, 8814, 8815, 8817, 8818, 8825, 8826, 8830, 8831, 8832, 8833, 8834, 8835, 8836, 8838, 8841, 8842, 8843, 8846, 8847, 8849, 8850, 8851, 8853, 8858, 8859, 8860, 8863, 8864, 8865, 8867, 8868, 8869, 8873, 8874, 8875, 8876, 8877, 8879, 8880, 8882, 8883, 8884, 8887, 8888, 8889, 8892, 8893, 8894, 8896, 8897, 8898, 8902, 8903, 8904, 8905, 8906, 8907, 8908, 8909, 8912, 8913, 8914, 8918, 8919, 8920, 8922, 8923, 8924, 8925, 8926, 8928, 8929, 8930, 8934, 8937, 8939, 8940, 8941, 8946, 8947, 8949, 8950, 8951, 8952, 8953, 8954, 8955, 8957, 8958, 8959, 8960, 8961, 8962, 8963, 8964, 8965, 8966, 8968, 8969, 8970, 8972, 8980, 8981, 8982, 8984, 8985, 8987, 8989, 8990, 8992, 8993, 8997, 8999, 9002, 9003, 9004, 9008, 9009, 9011, 9012, 9013, 9014, 9016, 9021, 9022, 9023, 9027, 9028, 9029, 9034, 9035, 9036, 9037, 9038, 9039, 9040, 9041, 9042, 9043, 9046, 9047, 9048, 9053, 9054, 9055, 9058, 9060, 9061, 9062, 9063, 9064, 9068, 9069, 9070, 9073, 9074, 9076, 9077, 9080, 9081, 9082, 9083, 9084, 9086, 9087, 9088, 9089, 9092, 9093, 9095, 9096, 9097, 9098, 9099, 9101, 9103, 9104, 9109, 9110, 9113, 9114, 9115, 9123, 9124, 9125, 9127, 9128, 9129, 9131, 9132, 9134, 9135, 9136, 9148, 9149, 9150, 9152, 9153, 9154, 9155, 9156, 9157, 9158, 9162, 9164, 9165, 9166, 9167, 9170, 9173, 9174, 9175, 9177, 9178, 9179, 9181, 9182, 9183, 9185, 9187, 9189, 9190, 9191, 9193, 9198, 9199, 9201, 9202, 9203, 9204, 9207, 9208, 9209, 9210, 9212, 9220, 9221, 9223, 9225, 9226, 9229, 9230, 9231, 9233, 9236, 9237, 9240, 9243, 9246, 9248, 9249, 9250, 9251, 9254, 9255, 9256, 9257, 9258, 9259, 9261, 9262, 9263, 9265, 9269, 9270, 9271, 9272, 9273, 9274, 9276, 9287, 9291, 9292, 9293, 9294, 9295, 9296, 9298, 9302, 9303, 9304, 9305, 9306, 9307, 9308, 9310, 9311, 9314, 9315, 9316, 9319, 9320, 9321, 9322, 9323, 9324, 9331, 9333, 9341, 9342, 9343, 9347, 9348, 9349, 9351, 9352, 9360, 9362, 9363, 9364, 9365, 9366, 9368, 9370, 9373, 9374, 9375, 9382, 9383, 9385, 9386, 9387, 9388, 9389, 9390, 9391, 9393, 9394, 9395, 9396, 9397, 9399, 9400, 9401, 9402, 9403, 9404, 9410, 9411, 9412, 9413, 9414, 9415, 9416, 9417, 9419, 9420, 9422, 9424, 9428, 9429, 9431, 9449, 9452, 9453, 9454, 9455, 9456, 9457, 9460, 9462, 9464, 9465, 9467, 9468, 9469, 9471, 9472, 9474, 9475, 9481, 9482, 9487, 9488, 9490, 9491, 9492, 9494, 9495, 9497, 9498, 9499, 9500, 9502, 9503, 9504, 9505, 9506, 9507, 9509, 9513, 9514, 9515, 9516, 9517, 9519, 9520, 9521, 9524, 9527, 9528, 9529, 9530, 9531, 9533, 9534, 9535, 9539, 9542, 9543, 9544, 9546, 9547, 9548, 9550, 9551, 9552, 9553, 9554, 9555, 9556, 9561, 9562, 9563, 9564, 9568, 9571, 9572, 9573, 9574, 9575, 9576, 9578, 9579, 9580, 9582, 9585, 9586, 9587, 9588, 9589, 9590, 9592, 9593, 9594, 9596, 9599, 9600, 9601, 9602, 9603, 9605, 9606, 9607, 9608, 9609, 9611, 9613, 9614, 9616, 9617, 9618, 9619, 9620, 9621, 9622, 9624, 9627, 9628, 9629, 9630, 9632, 9634, 9635, 9637, 9638, 9639, 9640, 9641, 9642, 9644, 9645, 9646, 9647, 9649, 9650, 9656, 9657, 9659, 9660, 9662, 9663, 9664, 9665, 9666, 9667, 9668, 9669, 9670, 9671, 9672, 9673, 9674, 9675, 9676, 9677, 9678, 9679, 9681, 9682, 9683, 9684, 9686, 9687, 9688, 9689, 9691, 9692, 9693, 9694, 9696, 9697, 9698, 9699, 9701, 9702, 9704, 9705, 9706, 9707, 9708, 9709, 9710, 9713, 9714, 9716, 9717, 9728, 9749, 9750, 9751, 9754, 9755, 9756, 9760, 9761, 9762, 9763, 9765, 9766, 9767, 9768, 9770, 9782, 9784, 9785, 9786, 9787, 9788, 9789, 9792, 9793, 9794, 9795, 9796, 9797, 9800, 9801, 9802, 9803, 9804, 9805, 9808, 9809, 9810, 9811, 9813, 9814, 9819, 9820, 9823, 9824, 9828, 9829, 9834, 9835, 9839, 9842, 9843, 9844, 9845, 9847, 9848, 9849, 9850, 9851, 9852, 9854, 9855, 9856, 9857, 9858, 9860, 9862, 9863, 9865, 9866, 9867, 9868, 9869, 9870, 9872, 9874, 9875, 9877, 9878, 9879, 9880, 9881, 9882, 9884, 9887, 9890, 9891, 9892, 9895, 9896, 9902, 9903, 9905, 9906, 9907, 9909, 9910, 9911, 9912, 9914, 9918, 9919, 9920, 9921, 9923, 9924, 9925, 9926, 9927, 9928, 9929, 9933, 9935, 9936, 9937, 9938, 9939, 9942, 9943, 9945, 9946, 9947, 9948, 9950, 9953, 9954, 9955, 9956, 9958, 9960, 9962, 9963, 9964, 9965, 9967, 9968, 9969, 9970, 9972, 9974, 9976, 9980, 9981, 9982, 9986, 9990, 9993, 9994, 9995, 9996, 9997, 9999, 10001, 10003, 10005, 10006, 10008, 10023, 10024, 10026, 10027, 10029, 10030, 10031, 10033, 10034, 10035, 10036, 10039, 10040, 10041, 10043, 10044, 10045, 10047, 10050, 10051, 10052, 10054, 10055, 10057, 10058, 10061, 10062, 10064, 10065, 10067, 10068, 10069, 10070, 10072, 10079, 10080, 10081, 10083, 10084, 10086, 10087, 10088, 10091, 10094, 10095, 10096, 10097, 10100, 10101, 10102, 10103, 10105, 10107, 10110, 10111, 10115, 10116, 10118, 10119, 10120, 10122, 10134, 10135, 10136, 10137, 10139, 10140, 10141, 10143, 10144, 10145, 10146, 10147, 10148, 10149, 10150, 10154, 10155, 10158, 10159, 10161, 10162, 10164, 10165, 10166, 10168, 10180, 10181, 10183, 10184, 10185, 10188, 10189, 10191, 10192, 10193, 10194, 10195, 10196, 10197, 10198, 10200, 10203, 10204, 10205, 10207, 10210, 10213, 10214, 10215, 10217, 10219, 10220, 10221, 10223, 10226, 10227, 10228, 10230, 10231, 10233, 10234, 10235, 10237, 10242, 10243, 10244, 10246, 10247, 10248, 10250, 10251, 10252, 10254, 10255, 10258, 10259, 10262, 10263, 10264, 10266, 10267, 10269, 10270, 10271, 10273, 10275, 10278, 10279, 10280, 10284, 10285, 10288, 10289, 10290, 10292, 10293, 10295, 10296, 10297, 10299, 10300, 10301, 10302, 10303, 10306, 10307, 10309, 10310, 10311, 10312, 10314, 10330, 10347, 10376, 10377, 10379, 10380, 10382, 10383, 10384, 10385, 10387, 10388, 10389, 10393, 10395, 10399, 10400, 10404, 10405, 10406, 10408, 10411, 10412, 10413, 10414, 10415, 10416, 10417, 10421, 10422, 10423, 10425, 10426, 10427, 10428, 10429, 10430, 10437, 10448, 10449, 10451, 10452, 10453, 10454, 10455, 10457, 10458, 10459, 10462, 10463, 10464, 10465, 10466, 10468, 10469, 10470, 10471, 10473, 10475, 10476, 10478, 10480, 10482, 10484, 10485, 10486, 10487, 10489, 10494, 10495, 10497, 10498, 10502, 10503, 10505, 10506, 10511, 10512, 10513, 10514, 10515, 10517, 10519, 10520, 10521, 10522, 10524, 10525, 10526, 10527, 10528, 10529, 10530, 10532, 10533, 10538, 10541, 10542, 10543, 10544, 10546, 10547, 10548, 10549, 10551, 10552, 10553, 10554, 10556, 10558, 10559, 10561, 10562, 10563, 10564, 10566, 10567, 10568, 10569, 10570, 10571, 10572, 10573, 10575, 10576, 10578, 10579, 10580, 10581, 10582, 10588, 10590, 10591, 10594, 10597, 10610, 10611, 10614, 10615, 10618, 10619, 10620, 10621, 10622, 10629, 10631, 10632, 10637, 10653, 10654, 10675, 10676, 10677, 10678, 10679, 10681, 10682, 10683, 10684, 10685, 10687, 10688, 10689, 10690, 10691, 10692, 10695, 10699, 10701, 10702, 10706, 10707, 10708, 10709, 10710, 10713, 10728, 10729, 10781, 10782, 10783, 10786, 10788, 10789, 10790, 10791, 10793, 10794, 10795, 10797, 10799, 10800, 10801, 10802, 10803, 10804, 10805, 10809, 10811, 10812, 10814, 10815, 10820, 10821, 10822, 10824, 10825, 10826, 10827, 10828, 10834, 10836, 10837, 10839, 10840, 10842, 10844, 10845, 10846, 10849, 10850, 10852, 10853, 10854, 10855, 10856, 10857, 10858, 10860, 10861, 10862, 10864, 10868, 10869, 10871, 10872, 10874, 10875, 10877, 10878, 10879, 10880, 10882, 10883, 10884, 10887, 10888, 10892, 10893, 10894, 10895, 10897, 10899, 10901, 10902, 10903, 10906, 10907, 10908, 10909, 10910, 10911, 10912, 10913, 10915, 10918, 10919, 10921, 10922, 10924, 10926, 10927, 10928, 10929, 10932, 10933, 10934, 10935, 10936, 10937, 10938, 10939, 10940, 10941, 10942, 10943, 10944, 10945, 10946, 10947, 10948, 10949, 10950, 10952, 10953, 10954, 10955, 10956, 10957, 10958, 10959, 10960, 10961, 10963, 10966, 10967, 10968, 10969, 10970, 10972, 10973, 10974, 10975, 10978, 10979, 10980, 10981, 10983, 10984, 10985, 10986, 10987, 10989, 10990, 10992, 10993, 10994, 10996, 10997, 10999, 11000, 11001, 11002, 11003, 11004, 11006, 11007, 11009, 11010, 11011, 11012, 11013, 11014, 11015, 11016, 11018, 11019, 11020, 11021, 11022, 11024, 11025, 11027, 11028, 11029, 11030, 11031, 11033, 11034, 11038, 11039, 11040, 11041, 11044, 11045, 11047, 11048, 11051, 11052, 11053, 11054, 11055, 11056, 11057, 11059, 11060, 11062, 11063, 11064, 11065, 11066, 11068, 11069, 11071, 11072, 11074, 11075, 11076, 11077, 11078, 11080, 11081, 11083, 11084, 11085, 11086, 11087, 11088, 11089, 11091, 11092, 11093, 11094, 11095, 11098, 11100, 11101, 11103, 11104, 11106, 11107, 11108, 11110, 11111, 11112, 11114, 11115, 11117, 11118, 11119, 11121, 11122, 11124, 11125, 11126, 11128, 11129, 11131, 11133, 11134, 11135, 11136, 11137, 11139, 11142, 11143, 11144, 11145, 11147, 11148, 11149, 11150, 11152, 11155, 11156, 11157, 11158, 11160, 11162, 11165, 11166, 11167, 11168, 11169, 11170, 11171, 11172, 11174, 11175, 11176, 11179, 11181, 11183, 11184, 11185, 11187, 11188, 11191, 11192, 11193, 11194, 11196, 11198, 11199, 11200, 11201, 11202, 11203, 11206, 11207, 11210, 11211, 11212, 11213, 11216, 11217, 11218, 11219, 11222, 11223, 11224, 11225, 11226, 11227, 11228, 11230, 11232, 11233, 11238, 11239, 11240, 11244, 11246, 11247, 11248, 11250, 11251, 11252, 11253, 11254, 11255, 11257, 11260, 11261, 11262, 11263, 11264, 11265, 11266, 11267, 11268, 11269, 11272, 11273, 11274, 11275, 11277, 11278, 11279, 11280, 11281, 11283, 11286, 11287, 11288, 11291, 11292, 11295, 11301, 11303, 11304, 11305, 11307, 11308, 11310, 11311, 11315, 11316, 11317, 11318, 11319, 11328, 11329, 11331, 11332, 11333, 11334, 11335, 11336, 11337, 11338, 11339, 11341, 11342, 11343, 11344, 11345, 11346, 11347, 11349, 11352, 11354, 11355, 11356, 11357, 11359, 11361, 11362, 11363, 11364, 11365, 11367, 11370, 11371, 11372, 11375, 11376, 11377, 11379, 11380, 11383, 11384, 11389, 11395, 11396, 11402, 11403, 11409, 11410, 11411, 11417, 11429, 11430, 11431, 11436, 11437, 11438, 11439, 11440, 11443, 11446, 11449, 11450, 11451, 11452, 11453, 11454, 11456, 11457, 11459, 11461, 11463, 11464, 11466, 11467, 11471, 11480, 11481, 11491, 11492], "summary": {"covered_lines": 5886, "num_statements": 7766, "percent_covered": 71.56228891247709, "percent_covered_display": "72", "missing_lines": 1880, "excluded_lines": 0, "num_branches": 2597, "num_partial_branches": 415, "covered_branches": 1530, "missing_branches": 1067}, "missing_lines": [107, 112, 113, 114, 115, 116, 174, 175, 176, 182, 203, 204, 205, 225, 226, 248, 250, 251, 252, 254, 255, 256, 259, 266, 267, 268, 288, 289, 294, 295, 300, 301, 306, 307, 338, 339, 346, 347, 355, 356, 383, 398, 429, 442, 467, 468, 470, 483, 585, 670, 681, 687, 690, 694, 715, 718, 733, 741, 747, 750, 833, 836, 845, 850, 869, 895, 898, 902, 936, 1011, 1029, 1038, 1039, 1040, 1046, 1096, 1134, 1143, 1144, 1145, 1146, 1156, 1157, 1168, 1185, 1188, 1208, 1209, 1261, 1264, 1267, 1275, 1279, 1294, 1295, 1296, 1351, 1352, 1365, 1395, 1427, 1435, 1439, 1463, 1464, 1465, 1474, 1478, 1483, 1487, 1488, 1489, 1497, 1508, 1509, 1510, 1511, 1512, 1513, 1514, 1515, 1516, 1517, 1518, 1574, 1590, 1594, 1598, 1627, 1632, 1636, 1662, 1675, 1676, 1682, 1683, 1691, 1692, 1694, 1695, 1696, 1697, 1698, 1700, 1701, 1702, 1703, 1705, 1717, 1736, 1741, 1742, 1743, 1744, 1750, 1758, 1802, 1803, 1812, 1813, 1814, 1815, 1828, 1845, 1846, 1925, 1986, 1987, 1988, 1989, 1990, 1991, 1996, 1997, 1998, 2003, 2004, 2005, 2006, 2012, 2013, 2014, 2015, 2016, 2074, 2090, 2098, 2110, 2147, 2149, 2164, 2165, 2166, 2167, 2169, 2170, 2171, 2172, 2173, 2178, 2184, 2185, 2186, 2188, 2189, 2190, 2191, 2192, 2194, 2195, 2196, 2198, 2199, 2201, 2202, 2203, 2206, 2212, 2216, 2221, 2226, 2254, 2297, 2300, 2303, 2313, 2316, 2319, 2322, 2325, 2328, 2335, 2367, 2379, 2384, 2385, 2386, 2388, 2397, 2398, 2400, 2446, 2449, 2452, 2453, 2454, 2455, 2457, 2458, 2459, 2460, 2464, 2468, 2469, 2470, 2471, 2472, 2473, 2476, 2479, 2481, 2482, 2483, 2484, 2485, 2486, 2488, 2489, 2491, 2492, 2494, 2496, 2497, 2498, 2499, 2501, 2502, 2504, 2508, 2509, 2510, 2512, 2514, 2515, 2516, 2517, 2518, 2519, 2520, 2521, 2522, 2523, 2524, 2525, 2526, 2527, 2528, 2530, 2532, 2535, 2536, 2537, 2539, 2540, 2541, 2542, 2571, 2575, 2576, 2577, 2578, 2582, 2583, 2584, 2588, 2593, 2597, 2600, 2601, 2602, 2605, 2606, 2607, 2608, 2609, 2610, 2611, 2612, 2613, 2614, 2618, 2619, 2620, 2621, 2624, 2625, 2628, 2630, 2631, 2632, 2634, 2635, 2636, 2637, 2638, 2639, 2641, 2642, 2644, 2645, 2646, 2647, 2648, 2649, 2650, 2651, 2652, 2653, 2654, 2655, 2656, 2657, 2658, 2661, 2662, 2663, 2664, 2665, 2668, 2669, 2670, 2671, 2672, 2673, 2674, 2675, 2676, 2677, 2678, 2679, 2680, 2682, 2686, 2687, 2699, 2732, 2733, 2734, 2738, 2739, 2740, 2741, 2745, 2749, 2754, 2755, 2756, 2757, 2758, 2759, 2760, 2764, 2765, 2784, 2789, 2790, 2791, 2794, 2795, 2797, 2798, 2799, 2800, 2801, 2802, 2803, 2804, 2805, 2806, 2809, 2810, 2811, 2812, 2815, 2816, 2817, 2819, 2820, 2821, 2881, 2883, 2884, 2886, 2888, 2889, 2890, 2891, 2892, 2893, 2894, 2895, 2896, 2897, 2898, 2899, 2900, 2901, 2902, 2903, 2904, 2905, 2906, 2907, 2908, 2909, 2910, 2911, 2912, 2913, 2914, 2915, 2916, 2917, 2918, 2919, 2920, 2921, 2922, 2923, 2930, 2931, 2932, 2934, 2939, 2940, 2951, 2954, 2955, 2956, 2957, 2958, 2959, 2960, 2961, 2983, 2984, 3005, 3044, 3045, 3046, 3047, 3050, 3053, 3056, 3057, 3058, 3061, 3062, 3063, 3064, 3065, 3066, 3067, 3068, 3069, 3070, 3071, 3074, 3075, 3076, 3078, 3079, 3080, 3081, 3086, 3087, 3106, 3148, 3149, 3150, 3151, 3154, 3157, 3160, 3162, 3166, 3169, 3170, 3171, 3172, 3174, 3175, 3176, 3177, 3178, 3179, 3180, 3181, 3182, 3183, 3184, 3185, 3186, 3187, 3188, 3189, 3190, 3193, 3194, 3195, 3197, 3198, 3199, 3200, 3204, 3205, 3206, 3207, 3219, 3250, 3251, 3252, 3253, 3265, 3291, 3294, 3297, 3300, 3301, 3302, 3305, 3306, 3308, 3309, 3310, 3311, 3312, 3313, 3314, 3315, 3316, 3317, 3318, 3319, 3320, 3321, 3322, 3323, 3324, 3327, 3328, 3329, 3331, 3332, 3333, 3334, 3338, 3339, 3350, 3362, 3368, 3369, 3370, 3371, 3372, 3373, 3375, 3377, 3378, 3379, 3380, 3381, 3382, 3388, 3394, 3398, 3399, 3400, 3404, 3405, 3406, 3416, 3417, 3418, 3419, 3424, 3437, 3438, 3439, 3440, 3457, 3462, 3463, 3464, 3465, 3476, 3499, 3500, 3504, 3518, 3519, 3525, 3535, 3594, 3614, 3615, 3616, 3639, 3640, 3641, 3643, 3644, 3645, 3646, 3647, 3648, 3668, 3669, 3670, 3671, 3672, 3673, 3674, 3675, 3676, 3677, 3678, 3680, 3682, 3683, 3684, 3685, 3686, 3687, 3688, 3722, 3737, 3738, 3739, 3740, 3741, 3748, 3749, 3755, 3756, 3776, 3777, 3778, 3780, 3781, 3782, 3783, 3785, 3797, 3798, 3799, 3800, 3801, 3802, 3803, 3819, 3831, 3836, 3837, 3904, 3926, 3939, 3940, 3941, 3942, 3943, 3944, 3953, 3958, 3963, 3968, 3969, 3974, 3979, 3984, 3989, 3990, 3995, 4000, 4005, 4010, 4023, 4033, 4058, 4063, 4073, 4083, 4105, 4110, 4115, 4116, 4117, 4120, 4121, 4129, 4130, 4131, 4132, 4133, 4134, 4156, 4168, 4198, 4199, 4200, 4201, 4204, 4205, 4206, 4207, 4208, 4242, 4250, 4251, 4252, 4253, 4254, 4255, 4256, 4260, 4261, 4262, 4263, 4264, 4265, 4266, 4267, 4280, 4281, 4283, 4284, 4285, 4286, 4287, 4288, 4289, 4290, 4327, 4334, 4335, 4344, 4345, 4346, 4373, 4374, 4375, 4376, 4377, 4378, 4379, 4382, 4383, 4384, 4385, 4386, 4387, 4388, 4397, 4398, 4399, 4400, 4401, 4402, 4403, 4404, 4444, 4445, 4446, 4447, 4451, 4452, 4453, 4454, 4455, 4456, 4458, 4459, 4460, 4486, 4487, 4488, 4513, 4514, 4523, 4528, 4534, 4546, 4554, 4558, 4573, 4607, 4615, 4639, 4647, 4654, 4666, 4673, 4676, 4677, 4685, 4686, 4687, 4688, 4689, 4711, 4712, 4713, 4765, 4766, 4793, 4794, 4798, 4799, 4803, 4806, 4807, 4809, 4843, 4844, 4851, 4852, 4853, 4854, 4903, 4904, 4918, 4935, 4936, 4939, 4940, 4943, 4961, 4962, 4963, 4975, 4976, 4977, 4978, 4979, 4982, 4983, 4985, 4986, 4987, 4988, 4999, 5000, 5001, 5002, 5003, 5006, 5007, 5009, 5010, 5011, 5012, 5048, 5049, 5058, 5059, 5066, 5067, 5068, 5076, 5077, 5096, 5097, 5101, 5102, 5180, 5181, 5182, 5183, 5185, 5194, 5195, 5210, 5211, 5215, 5216, 5246, 5247, 5248, 5249, 5250, 5252, 5253, 5254, 5255, 5256, 5257, 5258, 5259, 5260, 5262, 5263, 5329, 5361, 5362, 5371, 5372, 5373, 5391, 5398, 5402, 5415, 5416, 5417, 5418, 5419, 5420, 5421, 5422, 5423, 5424, 5425, 5426, 5451, 5466, 5467, 5485, 5486, 5487, 5488, 5513, 5514, 5515, 5516, 5555, 5556, 5565, 5566, 5623, 5624, 5650, 5651, 5652, 5654, 5655, 5656, 5659, 5660, 5661, 5663, 5664, 5666, 5667, 5668, 5671, 5678, 5679, 5680, 5694, 5695, 5696, 5698, 5699, 5700, 5702, 5703, 5705, 5706, 5707, 5709, 5710, 5711, 5712, 5716, 5717, 5718, 5720, 5721, 5722, 5724, 5725, 5726, 5727, 5728, 5731, 5733, 5734, 5735, 5736, 5738, 5740, 5741, 5742, 5743, 5744, 5746, 5747, 5748, 5749, 5750, 5751, 5752, 5756, 5757, 5773, 5774, 5788, 5794, 5795, 5798, 5799, 5803, 5818, 5819, 5830, 5878, 5882, 5883, 5910, 5914, 5915, 5956, 5957, 5975, 5976, 5979, 5980, 5982, 5985, 5987, 5988, 5990, 5991, 5992, 5994, 5995, 5997, 5998, 5999, 6001, 6020, 6021, 6025, 6031, 6032, 6035, 6036, 6076, 6077, 6082, 6083, 6091, 6092, 6093, 6094, 6232, 6234, 6279, 6280, 6303, 6304, 6307, 6308, 6312, 6313, 6314, 6322, 6357, 6358, 6359, 6367, 6376, 6417, 6419, 6472, 6473, 6474, 6479, 6480, 6482, 6490, 6508, 6509, 6557, 6558, 6559, 6560, 6562, 6563, 6564, 6565, 6567, 6568, 6575, 6576, 6579, 6581, 6622, 6623, 6627, 6628, 6636, 6648, 6649, 6670, 6671, 6680, 6681, 6682, 6704, 6709, 6710, 6711, 6712, 6713, 6718, 6719, 6724, 6727, 6745, 6746, 6776, 6777, 6785, 6786, 6802, 6803, 6806, 6814, 6815, 6816, 6817, 6839, 6840, 6868, 6869, 6879, 6902, 6903, 6913, 6943, 6954, 6959, 6961, 7045, 7046, 7047, 7058, 7059, 7094, 7095, 7096, 7099, 7100, 7101, 7153, 7154, 7155, 7156, 7159, 7160, 7161, 7205, 7206, 7210, 7214, 7215, 7216, 7283, 7284, 7287, 7288, 7305, 7306, 7308, 7309, 7310, 7313, 7314, 7316, 7318, 7320, 7321, 7322, 7323, 7325, 7326, 7327, 7330, 7331, 7332, 7335, 7336, 7337, 7338, 7339, 7340, 7341, 7342, 7343, 7363, 7364, 7365, 7434, 7435, 7436, 7437, 7438, 7439, 7440, 7448, 7449, 7452, 7457, 7463, 7470, 7475, 7476, 7478, 7480, 7482, 7483, 7485, 7490, 7496, 7527, 7528, 7529, 7530, 7531, 7532, 7533, 7534, 7536, 7537, 7538, 7540, 7541, 7542, 7543, 7545, 7546, 7548, 7551, 7552, 7554, 7555, 7556, 7558, 7560, 7561, 7562, 7563, 7564, 7566, 7567, 7568, 7570, 7571, 7572, 7574, 7576, 7577, 7578, 7579, 7581, 7582, 7584, 7585, 7596, 7597, 7601, 7602, 7646, 7647, 7648, 7649, 7650, 7652, 7653, 7655, 7667, 7669, 7671, 7672, 7673, 7684, 7691, 7692, 7693, 7694, 7697, 7698, 7700, 7703, 7705, 7706, 7707, 7708, 7710, 7711, 7712, 7714, 7715, 7719, 7720, 7721, 7722, 7723, 7724, 7725, 7726, 7728, 7730, 7731, 7732, 7734, 7735, 7740, 7741, 7742, 7743, 7744, 7745, 7746, 7747, 7749, 7750, 7751, 7752, 7753, 7755, 7756, 7758, 7759, 7760, 7762, 7763, 7764, 7766, 7767, 7768, 7770, 7772, 7777, 7778, 7779, 7781, 7782, 7784, 7786, 7787, 7788, 7789, 7790, 7792, 7793, 7794, 7795, 7796, 7797, 7811, 7831, 7832, 7833, 7834, 7886, 7894, 7895, 7903, 7907, 7908, 7914, 7915, 7916, 7925, 7946, 7947, 7969, 7976, 7978, 7982, 7984, 7991, 7994, 7997, 7998, 8008, 8019, 8020, 8025, 8026, 8042, 8043, 8051, 8081, 8082, 8100, 8101, 8110, 8111, 8112, 8115, 8139, 8140, 8147, 8176, 8177, 8178, 8179, 8202, 8203, 8252, 8340, 8341, 8344, 8345, 8356, 8357, 8358, 8440, 8441, 8449, 8450, 8457, 8580, 8581, 8584, 8585, 8586, 8587, 8589, 8590, 8626, 8642, 8643, 8644, 8645, 8647, 8649, 8650, 8679, 8680, 8683, 8697, 8698, 8699, 8707, 8717, 8728, 8729, 8730, 8731, 8732, 8739, 8764, 8765, 8766, 8767, 8804, 8805, 8811, 8812, 8854, 8855, 8870, 8871, 8899, 8900, 8931, 8932, 8935, 8942, 8943, 8944, 9017, 9018, 9065, 9066, 9071, 9072, 9085, 9105, 9107, 9137, 9138, 9139, 9140, 9141, 9142, 9143, 9145, 9146, 9159, 9160, 9169, 9194, 9195, 9196, 9213, 9214, 9216, 9217, 9244, 9266, 9277, 9278, 9279, 9281, 9282, 9283, 9285, 9288, 9299, 9312, 9334, 9335, 9337, 9338, 9406, 9407, 9408, 9434, 9435, 9436, 9437, 9439, 9441, 9442, 9443, 9444, 9446, 9447, 9484, 9510, 9522, 9536, 9537, 9538, 9557, 9558, 9559, 9565, 9566, 9567, 9581, 9595, 9615, 9625, 9718, 9719, 9720, 9721, 9722, 9723, 9724, 9725, 9726, 9729, 9730, 9731, 9732, 9733, 9735, 9736, 9737, 9738, 9739, 9740, 9741, 9743, 9744, 9746, 9747, 9748, 9752, 9757, 9758, 9772, 9773, 9776, 9777, 9780, 9816, 9817, 9836, 9885, 9915, 9916, 9931, 9932, 9951, 9977, 9978, 9983, 9984, 9987, 9988, 10009, 10011, 10013, 10015, 10017, 10020, 10073, 10074, 10075, 10076, 10077, 10089, 10090, 10098, 10099, 10106, 10123, 10124, 10125, 10126, 10127, 10129, 10130, 10131, 10152, 10169, 10170, 10171, 10172, 10174, 10175, 10176, 10177, 10186, 10201, 10208, 10211, 10238, 10239, 10256, 10257, 10276, 10277, 10281, 10282, 10283, 10315, 10317, 10318, 10319, 10320, 10322, 10323, 10324, 10325, 10327, 10328, 10333, 10334, 10336, 10337, 10339, 10340, 10342, 10343, 10344, 10345, 10349, 10350, 10351, 10352, 10353, 10354, 10356, 10357, 10358, 10359, 10360, 10361, 10363, 10365, 10366, 10367, 10368, 10369, 10370, 10371, 10372, 10373, 10390, 10391, 10396, 10397, 10401, 10402, 10407, 10418, 10419, 10439, 10440, 10441, 10442, 10443, 10444, 10445, 10456, 10499, 10500, 10501, 10507, 10509, 10539, 10595, 10616, 10639, 10640, 10641, 10642, 10643, 10644, 10645, 10647, 10648, 10657, 10662, 10663, 10664, 10666, 10667, 10669, 10670, 10696, 10698, 10703, 10704, 10714, 10715, 10716, 10717, 10718, 10719, 10722, 10723, 10724, 10725, 10730, 10731, 10734, 10735, 10736, 10738, 10740, 10741, 10742, 10743, 10744, 10745, 10747, 10750, 10751, 10753, 10754, 10757, 10758, 10759, 10760, 10762, 10763, 10764, 10766, 10767, 10768, 10769, 10770, 10771, 10772, 10775, 10776, 10777, 10778, 10779, 10785, 10796, 10806, 10808, 10810, 10816, 10817, 10818, 10831, 10865, 10870, 10873, 10916, 10923, 10964, 10971, 10976, 10977, 10982, 11096, 11097, 11120, 11123, 11146, 11173, 11234, 11235, 11241, 11242, 11249, 11256, 11284, 11289, 11296, 11297, 11298, 11299, 11312, 11320, 11321, 11323, 11350, 11381, 11385, 11386, 11387, 11390, 11393, 11397, 11398, 11399, 11400, 11401, 11412, 11414, 11432, 11433, 11483, 11486, 11487, 11488, 11493], "excluded_lines": [], "executed_branches": [[160, 161], [160, 165], [162, 160], [162, 163], [173, 178], [181, 183], [199, 200], [199, 202], [202, 207], [209, 210], [209, 218], [210, 211], [210, 215], [212, 210], [212, 213], [223, -223], [223, 223], [223, 224], [224, 228], [239, 240], [239, 242], [247, 261], [264, 270], [367, 368], [367, 370], [380, 381], [397, 399], [399, 400], [400, 401], [400, 402], [405, 406], [405, 407], [427, 428], [452, -452], [452, 454], [457, 458], [457, 480], [460, 461], [460, 463], [465, 472], [472, 473], [472, 476], [480, 481], [480, 495], [481, 484], [486, 487], [486, 488], [488, 489], [488, 490], [490, 491], [490, 493], [524, -523], [524, 525], [526, -525], [526, 527], [528, -527], [528, 529], [530, -529], [530, 531], [532, 533], [534, 535], [536, -535], [536, 537], [538, 539], [540, -539], [540, 541], [542, 543], [544, 545], [546, 548], [551, -548], [551, 553], [554, -554], [554, 554], [554, 555], [576, 577], [576, 578], [578, 579], [578, 580], [580, 581], [580, 582], [604, -604], [604, -602], [625, 626], [625, 629], [680, 682], [739, 740], [739, 742], [740, 739], [828, 829], [828, 830], [830, 831], [835, 838], [840, 842], [840, 881], [843, 847], [849, 852], [866, 867], [875, 876], [875, 878], [879, 840], [879, 880], [918, 919], [924, 925], [924, 927], [925, 924], [925, 926], [933, 934], [945, -943], [945, 947], [949, -947], [949, 951], [953, -951], [953, 955], [957, -955], [957, 959], [961, -959], [961, 963], [965, -963], [965, 967], [969, -967], [969, 971], [973, -971], [973, 975], [977, -975], [977, 979], [981, -979], [981, -753], [1028, 1030], [1033, 1034], [1133, 1135], [1137, 1138], [1152, 1153], [1162, 1163], [1162, 1164], [1184, 1187], [1187, 1190], [1192, -1192], [1192, 1192], [1192, 1193], [1193, 1194], [1193, 1195], [1231, 1232], [1236, 1237], [1259, 1260], [1284, 1289], [1291, 1292], [1320, 1322], [1335, 1337], [1378, 1379], [1378, 1381], [1452, 1453], [1452, 1454], [1471, 1472], [1471, 1476], [1473, 1475], [1477, 1479], [1482, 1484], [1486, 1490], [1496, 1499], [1558, 1559], [1558, 1560], [1604, 1605], [1605, 1606], [1623, 1624], [1623, 1626], [1626, 1629], [1631, 1634], [1635, 1638], [1661, 1664], [1685, 1686], [1716, 1718], [1722, 1723], [1722, 1727], [1724, 1725], [1724, 1727], [1735, 1737], [1749, 1751], [1774, 1775], [1801, 1804], [1824, 1825], [1824, 1833], [1827, 1830], [1869, 1870], [1869, 1875], [1872, 1869], [1872, 1873], [1887, 1888], [1887, 1890], [1890, 1891], [1890, 1892], [1892, 1893], [1892, 1895], [1896, 1897], [1912, 1913], [1912, 1928], [1914, -1914], [1914, 1914], [1914, 1916], [1916, 1917], [1916, 1920], [1920, -1920], [1920, 1920], [1920, 1921], [1921, 1922], [1965, 1966], [2025, 2026], [2025, 2030], [2033, 2034], [2033, 2035], [2050, -2038], [2050, 2051], [2056, 2057], [2056, 2060], [2073, 2077], [2081, 2082], [2089, 2094], [2097, 2101], [2101, -2101], [2101, 2101], [2101, 2102], [2140, 2141], [2140, 2151], [2143, 2144], [2143, 2151], [2144, 2145], [2144, 2151], [2145, 2146], [2151, -2135], [2151, 2152], [2158, -2158], [2158, -2155], [2158, 2158], [2232, 2233], [2232, 2234], [2263, 2264], [2263, 2266], [2264, 2265], [2296, -2296], [2296, -2291], [2361, 2362], [2361, 2363], [2383, 2389], [2393, 2394], [2393, 2401], [2395, 2396], [2858, 2859], [2858, 2860], [2927, 2928], [2933, 2935], [3361, 3363], [3386, 3387], [3387, -3385], [3392, 3393], [3393, -3391], [3429, 3430], [3429, 3431], [3445, -3443], [3445, 3446], [3445, 3447], [3453, 3454], [3453, 3455], [3455, 3456], [3473, 3474], [3473, 3492], [3475, 3478], [3478, 3479], [3478, 3481], [3481, -3481], [3481, 3481], [3481, 3482], [3486, 3487], [3486, 3489], [3498, 3502], [3502, 3503], [3503, 3506], [3506, 3507], [3506, 3510], [3507, 3506], [3507, 3508], [3517, 3521], [3521, 3522], [3522, 3521], [3522, 3523], [3532, 3533], [3533, 3532], [3533, 3534], [3542, 3543], [3542, 3545], [3543, 3542], [3543, 3544], [3554, 3556], [3554, 3557], [3563, -3563], [3563, -3560], [3563, 3563], [3568, 3569], [3568, 3570], [3570, -3570], [3570, -3566], [3570, 3570], [3589, 3590], [3589, 3591], [3591, 3592], [3596, 3599], [3596, 3600], [3601, -3601], [3601, 3602], [3601, 3609], [3604, 3605], [3604, 3608], [3609, 3613], [3613, 3617], [3628, 3629], [3628, 3635], [3636, 3637], [3665, 3666], [3736, 3744], [3744, 3745], [3744, 3752], [3746, -3746], [3746, 3746], [3746, 3747], [3747, 3752], [3752, 3753], [3791, 3792], [3818, 3821], [3842, 3843], [3842, 3844], [3864, 3865], [3864, 3869], [3865, -3863], [3865, 3866], [3866, -3863], [3866, 3867], [3872, -3863], [3872, 3873], [3903, 3905], [3920, 3921], [3920, 3922], [3922, 3923], [3923, -3923], [3923, 3923], [3923, 3924], [3933, -3933], [3933, -3930], [4102, 4103], [4109, 4112], [4114, 4119], [4119, 4123], [4155, 4158], [4158, 4159], [4180, 4181], [4239, 4240], [4249, 4259], [4259, 4269], [4271, 4273], [4275, 4276], [4275, 4293], [4279, 4275], [4324, 4325], [4330, 4331], [4341, -4341], [4341, 4341], [4341, 4343], [4372, 4381], [4381, -4381], [4381, 4392], [4394, -4394], [4394, 4394], [4394, 4395], [4410, 4412], [4542, 4543], [4542, 4550], [4545, -4545], [4545, 4547], [4550, 4551], [4553, -4553], [4553, 4555], [4572, -4572], [4572, -4569], [4579, 4580], [4579, 4581], [4581, 4582], [4602, 4603], [4604, 4605], [4604, 4608], [4628, -4627], [4628, 4629], [4629, 4628], [4629, 4630], [4658, -4658], [4658, 4658], [4658, 4659], [4658, 4660], [4661, 4662], [4661, 4665], [4665, 4667], [4667, 4668], [4680, 4681], [4692, 4693], [4692, 4694], [4703, 4704], [4703, 4706], [4706, 4707], [4719, 4720], [4719, 4721], [4724, 4725], [4724, 4726], [4764, 4768], [4768, 4769], [4768, 4772], [4778, 4779], [4778, 4784], [4779, 4780], [4779, 4782], [4786, 4787], [4786, 4790], [4790, 4791], [4790, 4792], [4792, 4795], [4795, 4796], [4795, 4797], [4797, 4800], [4800, 4801], [4805, 4811], [4815, 4816], [4815, 4817], [4827, 4828], [4832, 4833], [4832, 4834], [4842, 4846], [4847, -4847], [4847, 4850], [4850, 4855], [4864, 4865], [4864, 4866], [4874, 4876], [4874, 4878], [4878, -4878], [4878, 4878], [4878, 4882], [4883, -4883], [4883, 4883], [4883, 4886], [4890, 4891], [4890, 4892], [4901, 4906], [4906, -4906], [4906, 4906], [4906, 4909], [4915, 4917], [4915, 4921], [4917, 4920], [4924, 4925], [4924, 4926], [4934, 4938], [4938, 4942], [4942, 4946], [4952, -4952], [4952, 4952], [4952, 4953], [4956, 4957], [4956, 4959], [4967, 4968], [4967, 4969], [4991, 4992], [4991, 4993], [5015, 5016], [5015, 5017], [5026, 5027], [5026, 5030], [5030, 5031], [5037, -5037], [5037, 5038], [5038, -5038], [5038, 5040], [5053, 5054], [5053, 5061], [5063, 5064], [5081, 5082], [5081, 5083], [5095, 5099], [5100, 5104], [5109, 5110], [5109, 5111], [5134, 5135], [5134, 5136], [5136, 5137], [5136, 5139], [5142, -5141], [5142, 5143], [5151, 5152], [5176, 5177], [5193, 5197], [5197, 5198], [5197, 5201], [5199, 5200], [5207, 5208], [5207, 5212], [5209, 5207], [5242, 5243], [5266, 5267], [5266, 5268], [5298, 5299], [5298, 5305], [5299, 5300], [5299, 5303], [5306, 5307], [5306, 5310], [5310, 5311], [5310, 5315], [5315, -5315], [5315, 5315], [5315, 5316], [5328, 5330], [5337, 5338], [5337, 5344], [5360, 5365], [5382, 5383], [5382, 5411], [5387, 5387], [5387, 5393], [5397, 5399], [5401, 5403], [5403, 5382], [5403, 5405], [5407, 5408], [5414, -5413], [5435, 5436], [5435, 5438], [5455, 5456], [5455, 5468], [5456, 5455], [5456, 5457], [5460, 5461], [5460, 5465], [5465, 5455], [5475, 5476], [5475, 5481], [5476, 5475], [5476, 5477], [5477, 5478], [5478, 5479], [5501, 5502], [5501, 5503], [5507, 5508], [5507, 5509], [5521, 5522], [5521, 5524], [5522, 5521], [5522, 5523], [5527, 5528], [5527, 5529], [5554, 5558], [5560, 5561], [5560, 5564], [5564, 5568], [5571, 5572], [5571, 5575], [5585, 5586], [5585, 5587], [5602, 5603], [5602, 5606], [5603, -5603], [5603, 5603], [5603, 5604], [5609, 5610], [5609, 5611], [5622, 5626], [5629, 5630], [5629, 5633], [5637, 5638], [5637, 5639], [5683, 5684], [5683, 5685], [5760, 5761], [5760, 5762], [5772, 5776], [5784, 5785], [5784, 5787], [5787, 5790], [5793, 5797], [5797, 5801], [5801, 5802], [5801, 5809], [5802, 5804], [5804, 5805], [5804, 5806], [5806, 5801], [5806, 5807], [5815, 5816], [5815, 5832], [5821, 5815], [5821, 5822], [5823, 5821], [5823, 5824], [5824, 5823], [5824, 5825], [5826, 5827], [5835, 5836], [5835, 5837], [5856, 5857], [5874, 5875], [5874, 5898], [5875, 5876], [5885, 5886], [5885, 5896], [5888, 5889], [5888, 5892], [5906, 5907], [5906, 5929], [5907, 5908], [5918, 5919], [5918, 5927], [5922, 5923], [5933, 5934], [5933, 5950], [5934, 5933], [5934, 5935], [5935, 5933], [5935, 5936], [5936, 5938], [5942, 5933], [5942, 5943], [5944, 5945], [5945, 5946], [5955, 5959], [5959, 5960], [5959, 5971], [5966, 5967], [5966, 5969], [5974, 5978], [5978, 5984], [5984, 6003], [6008, 6009], [6008, 6010], [6019, 6023], [6023, 6024], [6023, 6051], [6024, 6027], [6030, 6034], [6034, 6038], [6038, 6023], [6038, 6039], [6039, 6040], [6039, 6041], [6042, 6043], [6042, 6044], [6044, 6045], [6044, 6047], [6055, 6056], [6055, 6057], [6075, 6080], [6081, 6086], [6087, 6088], [6087, 6100], [6090, 6100], [6104, 6105], [6104, 6109], [6116, 6117], [6116, 6118], [6150, 6151], [6150, 6152], [6185, 6186], [6185, 6189], [6190, 6191], [6190, 6192], [6192, 6193], [6192, 6195], [6203, 6204], [6203, 6211], [6207, 6208], [6207, 6211], [6213, 6214], [6213, 6219], [6214, 6215], [6214, 6217], [6221, 6222], [6221, 6229], [6225, 6226], [6225, 6229], [6231, 6236], [6242, 6243], [6242, 6244], [6266, 6267], [6266, 6268], [6283, 6284], [6283, 6285], [6302, 6306], [6306, 6310], [6317, 6319], [6326, 6327], [6326, 6328], [6335, 6336], [6335, 6337], [6340, 6341], [6340, 6342], [6356, 6361], [6364, 6365], [6364, 6380], [6365, 6366], [6366, 6369], [6371, 6372], [6371, 6374], [6375, 6378], [6409, 6410], [6414, 6415], [6416, 6418], [6418, -6405], [6424, -6424], [6424, 6425], [6424, 6427], [6429, -6421], [6429, 6430], [6442, 6443], [6442, 6444], [6462, 6463], [6462, 6467], [6463, 6464], [6465, 6466], [6478, 6481], [6481, 6483], [6483, 6484], [6483, 6487], [6488, 6489], [6488, 6491], [6489, 6488], [6497, 6498], [6497, 6527], [6501, 6502], [6501, 6507], [6502, 6503], [6502, 6505], [6507, 6511], [6511, 6512], [6511, 6514], [6514, 6515], [6514, 6517], [6517, 6518], [6517, 6520], [6521, 6522], [6527, 6528], [6527, 6530], [6533, 6534], [6533, 6536], [6536, 6537], [6536, 6539], [6542, 6543], [6542, 6544], [6574, 6578], [6578, 6580], [6580, 6583], [6587, 6588], [6587, 6590], [6593, 6594], [6593, 6599], [6599, 6600], [6604, 6605], [6604, 6606], [6621, 6625], [6626, 6631], [6631, -6631], [6631, 6632], [6632, 6633], [6632, 6638], [6633, 6634], [6634, -6634], [6634, 6634], [6634, 6640], [6640, 6641], [6640, 6695], [6641, 6642], [6641, 6644], [6647, 6651], [6653, 6654], [6653, 6692], [6661, 6662], [6661, 6664], [6666, 6667], [6666, 6669], [6669, 6673], [6676, 6677], [6676, 6679], [6684, 6653], [6684, 6685], [6692, 6640], [6692, 6693], [6723, 6729], [6744, 6748], [6756, 6757], [6756, 6758], [6775, 6779], [6784, 6788], [6789, 6790], [6789, 6819], [6795, 6796], [6795, 6799], [6801, 6805], [6805, 6808], [6811, 6812], [6822, 6823], [6822, 6824], [6838, 6842], [6847, 6848], [6852, 6853], [6852, 6854], [6867, 6871], [6876, 6877], [6876, 6882], [6878, 6880], [6880, 6876], [6880, 6881], [6886, 6887], [6886, 6888], [6901, 6905], [6910, 6911], [6910, 6916], [6912, 6914], [6914, 6910], [6914, 6915], [6920, 6921], [6920, 6922], [6938, 6939], [6938, 6945], [6940, -6940], [6940, 6940], [6940, 6941], [6941, -6941], [6941, 6941], [6941, 6942], [6942, 6945], [6951, 6952], [6951, 7009], [6953, 6956], [6958, 6963], [6967, 6968], [6967, 6970], [6973, 6974], [6973, 6978], [6980, 6981], [6980, 6985], [6986, 6987], [6986, 6989], [6992, 6993], [6992, 6998], [7002, -7002], [7002, 7002], [7002, 7003], [7002, 7007], [7009, 7010], [7014, 7015], [7014, 7016], [7032, 7033], [7032, 7034], [7044, 7049], [7057, 7061], [7065, -7065], [7065, 7065], [7065, 7067], [7067, 7068], [7070, 7071], [7070, 7077], [7081, 7082], [7081, 7083], [7093, 7098], [7098, 7103], [7109, 7110], [7109, 7113], [7114, 7115], [7114, 7119], [7122, 7123], [7122, 7124], [7145, 7146], [7145, 7166], [7149, 7150], [7149, 7152], [7152, 7158], [7158, 7163], [7163, -7163], [7163, 7163], [7163, 7164], [7170, -7170], [7170, 7170], [7170, 7172], [7172, 7173], [7172, 7184], [7176, 7177], [7176, 7182], [7177, 7178], [7177, 7180], [7187, 7188], [7187, 7189], [7204, 7208], [7209, 7212], [7235, 7236], [7235, 7238], [7244, 7245], [7244, 7251], [7256, 7257], [7256, 7262], [7265, 7266], [7265, 7267], [7282, 7286], [7286, 7290], [7290, 7291], [7290, 7294], [7297, 7298], [7346, 7347], [7346, 7348], [7362, 7367], [7371, 7372], [7371, 7373], [7432, 7433], [7444, 7445], [7444, 7447], [7447, -7447], [7447, 7451], [7451, 7454], [7456, 7459], [7462, 7465], [7465, 7466], [7468, 7469], [7468, 7487], [7469, 7472], [7474, 7477], [7477, 7479], [7489, 7491], [7495, 7498], [7502, 7503], [7502, 7506], [7521, 7522], [7522, -7522], [7522, 7522], [7522, 7523], [7595, 7599], [7607, -7607], [7607, -7606], [7607, 7607], [7617, -7617], [7617, 7617], [7617, 7619], [7627, 7628], [7627, 7677], [7633, 7634], [7633, 7636], [7639, 7640], [7639, 7642], [7642, 7643], [7642, 7660], [7645, 7654], [7654, 7656], [7656, 7657], [7656, 7662], [7664, 7627], [7664, 7665], [7670, 7675], [7681, 7682], [7801, -7801], [7801, -7799], [7810, 7813], [7810, 7817], [7814, 7815], [7814, 7817], [7814, 7820], [7815, -7815], [7815, 7814], [7815, 7815], [7822, -7822], [7822, 7822], [7822, 7823], [7830, 7835], [7840, 7841], [7840, 7863], [7841, 7842], [7841, 7844], [7846, 7847], [7846, 7849], [7849, 7850], [7849, 7858], [7852, 7853], [7854, 7855], [7854, 7856], [7858, 7840], [7858, 7859], [7868, 7869], [7870, 7871], [7870, 7892], [7871, 7872], [7871, 7890], [7873, 7871], [7873, 7874], [7875, 7876], [7875, 7883], [7878, 7879], [7878, 7881], [7883, 7884], [7888, 7889], [7892, 7893], [7892, 7896], [7893, -7893], [7893, -7865], [7893, 7893], [7902, 7906], [7906, 7910], [7913, 7918], [7922, 7923], [7924, 7927], [7931, 7932], [7931, 7937], [7933, -7933], [7933, 7933], [7933, 7934], [7945, 7949], [7956, 7957], [7956, 7958], [7958, 7959], [7958, 7960], [7968, 7971], [7971, 7972], [7973, 7974], [7973, 7975], [7975, 7977], [7977, 7979], [7979, 7980], [7979, 7981], [7981, 7971], [7990, 7993], [7993, 7996], [7996, 8000], [8003, 8004], [8003, 8030], [8005, 8006], [8005, 8007], [8007, 8009], [8009, 8010], [8016, 8017], [8016, 8022], [8018, 8022], [8035, 8036], [8035, 8038], [8039, 8040], [8039, 8044], [8040, 8041], [8041, 8039], [8047, -8046], [8047, 8048], [8050, 8053], [8057, 8058], [8057, 8062], [8069, 8070], [8069, 8071], [8085, 8086], [8085, 8087], [8099, 8103], [8107, 8108], [8107, 8114], [8109, 8119], [8114, 8116], [8116, 8117], [8124, 8125], [8124, 8126], [8138, 8142], [8144, 8145], [8151, 8152], [8151, 8153], [8164, 8165], [8164, 8166], [8172, 8173], [8182, 8183], [8182, 8184], [8201, 8205], [8210, 8211], [8210, 8216], [8219, 8220], [8219, 8222], [8245, 8246], [8245, 8257], [8251, 8253], [8260, 8261], [8260, 8262], [8274, 8275], [8274, 8276], [8288, 8289], [8288, 8290], [8302, 8303], [8302, 8304], [8316, 8317], [8316, 8318], [8339, 8343], [8343, 8347], [8351, 8352], [8351, 8360], [8352, 8353], [8352, 8360], [8361, 8362], [8361, 8366], [8369, 8370], [8369, 8371], [8383, 8384], [8383, 8385], [8397, 8398], [8397, 8399], [8411, 8412], [8411, 8413], [8425, 8426], [8425, 8427], [8439, 8443], [8456, 8459], [8466, 8467], [8466, 8513], [8467, 8468], [8467, 8470], [8477, 8479], [8477, 8482], [8483, 8484], [8483, 8489], [8489, 8490], [8490, 8491], [8490, 8496], [8496, 8497], [8497, 8498], [8497, 8510], [8499, 8500], [8499, 8501], [8501, 8502], [8501, 8504], [8516, 8517], [8516, 8518], [8551, 8552], [8551, 8556], [8553, 8551], [8553, 8554], [8556, 8557], [8556, 8560], [8575, 8576], [8575, 8579], [8579, 8583], [8583, 8592], [8593, 8594], [8593, 8597], [8605, 8606], [8605, 8608], [8611, 8612], [8611, 8613], [8622, 8623], [8622, 8637], [8625, 8628], [8629, 8630], [8629, 8632], [8637, 8638], [8638, 8639], [8653, 8654], [8653, 8655], [8666, 8667], [8666, 8668], [8678, 8682], [8682, 8685], [8690, 8691], [8690, 8700], [8691, 8692], [8691, 8694], [8694, 8695], [8694, 8696], [8696, 8690], [8704, 8705], [8704, 8706], [8706, 8708], [8708, 8709], [8708, 8711], [8716, 8719], [8742, 8743], [8742, 8744], [8762, 8763], [8762, 8776], [8763, 8769], [8779, 8780], [8779, 8781], [8793, 8794], [8793, 8798], [8798, 8799], [8798, 8806], [8810, 8814], [8817, 8818], [8825, 8826], [8825, 8830], [8831, 8832], [8831, 8838], [8834, 8835], [8841, 8842], [8841, 8843], [8858, 8859], [8858, 8860], [8869, 8873], [8887, 8888], [8887, 8889], [8898, 8902], [8912, 8913], [8912, 8914], [8930, 8934], [8934, 8937], [8952, 8953], [8952, 8955], [8960, 8961], [8960, 8964], [8980, 8981], [8984, 8985], [8984, 8987], [9002, 9003], [9002, 9004], [9021, 9022], [9021, 9023], [9046, 9047], [9046, 9048], [9064, 9068], [9070, 9073], [9081, 9082], [9081, 9092], [9084, 9086], [9098, 9099], [9098, 9103], [9104, 9109], [9113, 9114], [9113, 9115], [9134, 9135], [9136, 9148], [9154, 9155], [9154, 9164], [9155, 9154], [9155, 9156], [9158, 9162], [9164, 9165], [9164, 9166], [9166, 9167], [9173, 9174], [9173, 9175], [9193, 9198], [9203, -9203], [9203, 9203], [9203, 9204], [9204, -9204], [9204, 9204], [9204, 9207], [9212, 9220], [9221, -9221], [9221, 9221], [9221, 9223], [9225, 9226], [9225, 9251], [9229, 9230], [9229, 9233], [9230, -9230], [9230, 9231], [9230, 9233], [9236, 9237], [9243, 9246], [9254, 9255], [9254, 9256], [9269, 9270], [9269, 9271], [9291, 9292], [9291, 9293], [9302, 9303], [9302, 9304], [9311, 9314], [9319, 9320], [9319, 9321], [9341, 9342], [9341, 9343], [9362, 9363], [9362, 9368], [9363, 9362], [9363, 9364], [9373, 9374], [9373, 9375], [9402, 9403], [9453, 9454], [9453, 9464], [9454, 9455], [9464, 9465], [9464, 9467], [9498, 9499], [9498, 9500], [9513, 9514], [9513, 9515], [9521, 9524], [9527, 9528], [9527, 9529], [9535, 9539], [9542, 9543], [9542, 9544], [9554, 9555], [9563, 9564], [9571, 9572], [9571, 9573], [9580, 9582], [9585, 9586], [9585, 9587], [9594, 9596], [9599, 9600], [9599, 9601], [9614, 9616], [9619, 9620], [9619, 9621], [9628, 9629], [9634, 9635], [9634, 9637], [9670, -9670], [9670, 9671], [9750, 9751], [9785, -9785], [9785, 9785], [9785, 9786], [9787, -9787], [9787, 9787], [9787, 9788], [9792, 9793], [9792, 9800], [9793, 9794], [9794, 9793], [9794, 9795], [9800, 9801], [9800, 9819], [9802, 9803], [9803, 9802], [9803, 9804], [9808, 9809], [9810, 9811], [9810, 9813], [9835, 9839], [9862, 9863], [9862, 9865], [9875, 9877], [9875, 9878], [9890, 9891], [9914, 9918], [9918, 9919], [9918, 9923], [9923, 9924], [9923, 9935], [9925, -9925], [9925, 9925], [9925, 9926], [9926, 9927], [9927, 9928], [9935, 9936], [9935, 9942], [9950, 9953], [9955, 9956], [9955, 9958], [9962, 9963], [9962, 9965], [9968, 9969], [9968, 9970], [9976, 9980], [9982, 9986], [9986, 9990], [9993, 9994], [9993, 10001], [9994, 9995], [9994, 9996], [9996, 9997], [9996, 9999], [10039, 10040], [10039, 10050], [10043, 10044], [10043, 10047], [10051, 10052], [10051, 10054], [10054, 10055], [10054, 10057], [10083, 10084], [10083, 10105], [10084, 10086], [10084, 10094], [10086, 10087], [10086, 10091], [10094, 10083], [10094, 10095], [10101, 10102], [10101, 10103], [10105, 10107], [10147, 10148], [10147, 10154], [10148, 10149], [10185, 10188], [10188, -10188], [10188, 10188], [10188, 10189], [10188, 10191], [10196, 10197], [10196, 10203], [10200, 10203], [10219, 10220], [10219, 10223], [10220, 10219], [10220, 10221], [10226, 10227], [10226, 10228], [10242, 10243], [10242, 10244], [10255, 10258], [10262, 10263], [10262, 10264], [10275, 10278], [10279, -10279], [10279, 10280], [10288, 10289], [10288, 10290], [10301, 10302], [10301, 10303], [10389, 10393], [10395, 10399], [10400, 10404], [10404, 10405], [10404, 10408], [10406, 10404], [10413, 10414], [10417, 10421], [10421, 10422], [10421, 10425], [10428, -10428], [10428, 10429], [10451, 10452], [10451, 10459], [10454, 10455], [10503, 10505], [10503, 10511], [10513, 10514], [10513, 10515], [10520, -10520], [10520, 10520], [10520, 10521], [10520, 10522], [10526, -10524], [10526, 10527], [10526, 10530], [10528, 10529], [10528, 10530], [10538, 10541], [10562, 10563], [10562, 10566], [10566, -10558], [10566, 10567], [10566, 10588], [10567, 10566], [10567, 10568], [10571, 10572], [10571, 10575], [10594, 10597], [10610, 10611], [10610, 10614], [10614, 10615], [10614, 10629], [10615, 10618], [10618, -10618], [10618, 10618], [10618, 10619], [10619, -10619], [10619, 10619], [10619, 10620], [10689, 10690], [10689, 10699], [10713, 10728], [10783, 10786], [10795, 10797], [10801, 10802], [10801, 10812], [10809, 10811], [10828, 10834], [10845, -10845], [10845, 10846], [10857, 10858], [10857, 10860], [10860, 10861], [10860, 10862], [10869, 10871], [10871, 10872], [10871, 10875], [10872, 10874], [10879, -10877], [10879, 10880], [10899, 10901], [10899, 10906], [10902, 10903], [10906, 10907], [10907, 10908], [10908, 10909], [10922, 10924], [10927, 10928], [10927, 10929], [10948, 10949], [10948, 10950], [10968, 10969], [10968, 10970], [10970, -10966], [10970, 10972], [10972, -10966], [10972, 10973], [10972, 10987], [10975, 10978], [10978, 10979], [10978, 10986], [10981, 10983], [10992, -10989], [10992, 10993], [10992, 10994], [10999, -10996], [10999, 11000], [10999, 11004], [11001, 11002], [11001, 11003], [11009, -11006], [11009, 11010], [11009, 11011], [11014, 11015], [11014, 11016], [11020, -11018], [11020, 11021], [11020, 11022], [11028, 11029], [11028, 11030], [11052, 11053], [11052, 11054], [11062, 11063], [11062, 11064], [11064, 11065], [11064, 11069], [11065, 11066], [11065, 11068], [11074, 11075], [11074, 11076], [11076, 11077], [11076, 11078], [11117, -11114], [11117, 11118], [11117, 11126], [11119, 11121], [11122, 11124], [11135, -11133], [11135, 11136], [11135, 11137], [11142, 11143], [11142, 11144], [11145, 11147], [11168, 11169], [11168, 11174], [11168, 11175], [11172, 11168], [11183, 11184], [11183, 11187], [11211, 11212], [11212, 11213], [11212, 11216], [11217, 11218], [11218, 11219], [11218, 11222], [11223, 11224], [11224, 11225], [11224, 11228], [11233, 11238], [11238, 11239], [11238, 11244], [11240, 11238], [11248, 11250], [11250, 11251], [11250, 11253], [11253, 11254], [11253, 11257], [11255, 11257], [11288, 11291], [11291, 11292], [11291, 11295], [11295, 11301], [11307, 11307], [11307, 11308], [11308, 11310], [11311, 11315], [11318, 11308], [11318, 11319], [11370, 11371], [11370, 11372], [11376, 11377], [11376, 11379], [11380, -11375], [11383, 11384], [11384, 11389], [11389, 11395], [11411, 11417], [11429, 11430], [11429, 11436], [11457, 11459], [11463, 11464], [11466, 11467], [11492, -52]], "missing_branches": [[113, 114], [113, 115], [173, 174], [181, 182], [202, 203], [203, 204], [203, 205], [224, 225], [247, 248], [248, 250], [248, 252], [252, 254], [252, 259], [264, 266], [380, 383], [397, 398], [399, 403], [427, 429], [465, 467], [467, 468], [467, 470], [481, 483], [532, -531], [534, -533], [538, -537], [542, -541], [544, -543], [546, -545], [680, 681], [740, 741], [830, 833], [835, 836], [843, 845], [849, 850], [866, 869], [918, 941], [933, 936], [1028, 1029], [1033, 1038], [1133, 1134], [1137, 1143], [1152, 1156], [1184, 1185], [1187, 1188], [1231, 1236], [1236, 1241], [1259, 1261], [1284, 1296], [1291, 1294], [1320, 1326], [1335, 1340], [1473, 1474], [1477, 1478], [1482, 1483], [1486, 1487], [1496, 1497], [1511, 1512], [1511, 1518], [1512, 1513], [1512, 1514], [1604, -1600], [1605, -1600], [1626, 1627], [1631, 1632], [1635, 1636], [1661, 1662], [1685, 1688], [1716, 1717], [1735, 1736], [1742, 1743], [1742, 1744], [1749, 1750], [1774, 1776], [1801, 1802], [1813, 1814], [1813, 1815], [1827, 1828], [1896, 1898], [1921, 1925], [1965, -1964], [1986, -1984], [1986, 1987], [2004, 2005], [2004, 2006], [2073, 2074], [2081, 2104], [2089, 2090], [2097, 2098], [2101, 2081], [2145, 2151], [2165, 2166], [2165, 2169], [2170, 2171], [2170, 2173], [2184, 2185], [2184, 2188], [2190, 2191], [2190, 2194], [2195, 2196], [2195, 2198], [2199, 2201], [2199, 2206], [2201, 2202], [2201, 2203], [2264, 2263], [2296, 2297], [2383, 2384], [2385, 2386], [2385, 2388], [2395, 2397], [2397, 2398], [2397, 2400], [2453, 2454], [2453, 2455], [2455, 2457], [2455, 2458], [2458, 2459], [2458, 2460], [2468, 2469], [2468, 2470], [2470, 2471], [2470, 2473], [2481, 2482], [2481, 2484], [2482, 2483], [2482, 2489], [2484, 2485], [2484, 2488], [2485, 2486], [2485, 2489], [2494, 2496], [2494, 2499], [2499, 2501], [2499, 2504], [2508, 2509], [2508, 2512], [2514, 2515], [2514, 2517], [2515, 2516], [2515, 2532], [2517, 2518], [2517, 2520], [2518, 2519], [2518, 2532], [2520, 2521], [2520, 2523], [2521, 2522], [2521, 2532], [2523, 2524], [2523, 2526], [2524, 2525], [2524, 2532], [2526, 2527], [2526, 2530], [2527, 2528], [2527, 2532], [2536, 2537], [2536, 2539], [2540, 2541], [2540, 2542], [2576, 2577], [2576, 2578], [2582, 2583], [2582, 2584], [2608, 2609], [2608, 2610], [2610, 2611], [2610, 2612], [2612, 2613], [2612, 2614], [2618, 2619], [2618, 2621], [2630, -2630], [2630, 2631], [2634, 2635], [2634, 2658], [2635, 2636], [2635, 2658], [2636, 2637], [2636, 2638], [2638, 2639], [2638, 2641], [2641, 2642], [2641, 2644], [2644, 2645], [2644, 2646], [2646, 2647], [2646, 2658], [2647, 2648], [2647, 2658], [2648, 2649], [2648, 2650], [2650, 2651], [2650, 2652], [2652, 2653], [2652, 2654], [2654, 2655], [2654, 2656], [2656, 2657], [2656, 2658], [2661, 2662], [2661, 2668], [2663, 2664], [2663, 2665], [2668, 2669], [2668, 2676], [2670, 2671], [2670, 2672], [2673, 2674], [2673, 2675], [2676, 2677], [2676, 2682], [2678, 2679], [2678, 2680], [2739, 2740], [2739, 2741], [2754, 2755], [2754, 2756], [2756, 2757], [2756, 2758], [2758, 2759], [2758, 2760], [2797, 2798], [2797, 2819], [2800, 2801], [2800, 2803], [2801, 2802], [2801, 2819], [2803, 2804], [2803, 2806], [2804, 2805], [2804, 2819], [2806, 2809], [2806, 2812], [2810, 2811], [2810, 2819], [2812, 2815], [2812, 2819], [2816, 2817], [2816, 2819], [2819, 2820], [2819, 2821], [2883, -2883], [2883, 2884], [2888, 2889], [2888, 2890], [2890, 2891], [2890, 2892], [2892, 2893], [2892, 2894], [2894, 2895], [2894, 2896], [2896, 2897], [2896, 2899], [2899, 2900], [2899, 2901], [2901, 2902], [2901, 2903], [2903, 2904], [2903, 2905], [2905, 2906], [2905, 2907], [2907, 2908], [2907, 2909], [2909, 2910], [2909, 2911], [2911, 2912], [2911, 2913], [2913, 2914], [2913, 2915], [2915, 2916], [2915, 2917], [2917, 2918], [2917, 2919], [2919, 2920], [2919, 2921], [2921, 2922], [2921, 2923], [2927, 2930], [2931, 2932], [2931, 2933], [2933, 2934], [2954, 2955], [2954, 2956], [3044, 3045], [3044, 3047], [3062, -3062], [3062, 3063], [3065, 3066], [3065, 3071], [3066, 3067], [3066, 3071], [3067, 3068], [3067, 3071], [3068, 3069], [3068, 3071], [3069, 3070], [3069, 3071], [3075, 3076], [3075, 3078], [3079, 3080], [3079, 3081], [3149, 3150], [3149, 3151], [3170, -3170], [3170, 3171], [3174, 3175], [3174, 3190], [3175, 3176], [3175, 3190], [3176, 3177], [3176, 3190], [3177, 3178], [3177, 3190], [3178, 3179], [3178, 3190], [3179, 3180], [3179, 3190], [3180, 3181], [3180, 3190], [3181, 3182], [3181, 3190], [3182, 3183], [3182, 3190], [3183, 3184], [3183, 3190], [3184, 3185], [3184, 3190], [3185, 3186], [3185, 3190], [3186, 3187], [3186, 3190], [3187, 3188], [3187, 3190], [3188, 3189], [3188, 3190], [3194, 3195], [3194, 3197], [3198, 3199], [3198, 3200], [3308, 3309], [3308, 3310], [3310, 3311], [3310, 3312], [3312, 3313], [3312, 3314], [3314, 3315], [3314, 3316], [3316, 3317], [3316, 3318], [3318, 3319], [3318, 3320], [3320, 3321], [3320, 3322], [3322, 3323], [3322, 3324], [3328, 3329], [3328, 3331], [3332, 3333], [3332, 3334], [3361, 3362], [3368, 3369], [3368, 3371], [3371, 3372], [3371, 3375], [3377, 3378], [3377, 3382], [3386, -3385], [3387, 3388], [3392, -3391], [3393, 3394], [3398, -3397], [3398, 3399], [3399, -3397], [3399, 3400], [3404, -3403], [3404, 3405], [3405, -3403], [3405, 3406], [3416, 3417], [3416, 3419], [3417, 3416], [3417, 3418], [3437, 3438], [3437, 3439], [3455, 3457], [3475, 3476], [3498, 3499], [3502, 3506], [3503, 3504], [3517, 3518], [3521, 3525], [3532, 3535], [3591, 3594], [3609, 3615], [3613, 3614], [3636, 3639], [3640, 3641], [3640, 3643], [3643, 3644], [3643, 3648], [3644, 3643], [3644, 3645], [3645, 3646], [3645, 3647], [3665, 3668], [3668, 3669], [3668, 3682], [3674, 3675], [3674, 3680], [3736, 3737], [3747, 3748], [3752, -3725], [3777, 3778], [3777, 3780], [3791, 3797], [3798, 3799], [3798, 3803], [3818, 3819], [3903, 3904], [3922, 3926], [3939, 3940], [3939, 3941], [3942, 3943], [3942, 3944], [4102, 4105], [4109, 4110], [4114, -4108], [4119, 4120], [4129, 4130], [4129, 4132], [4155, 4156], [4158, 4168], [4180, 4182], [4239, 4242], [4249, 4250], [4251, 4252], [4251, 4259], [4253, 4254], [4253, 4256], [4259, 4260], [4261, 4262], [4261, 4269], [4263, 4264], [4263, 4267], [4271, 4293], [4279, 4280], [4281, 4275], [4281, 4283], [4324, 4327], [4330, 4334], [4345, 4346], [4345, 4349], [4372, 4373], [4373, 4374], [4373, 4379], [4381, 4382], [4382, 4383], [4382, 4388], [4398, 4399], [4398, 4404], [4410, 4413], [4446, 4447], [4446, 4451], [4545, 4546], [4550, 4558], [4553, 4554], [4572, 4573], [4581, 4583], [4602, 4607], [4665, 4666], [4667, 4669], [4680, 4685], [4706, 4711], [4764, 4765], [4792, 4793], [4797, 4798], [4800, 4803], [4805, 4806], [4806, 4807], [4806, 4809], [4827, 4829], [4842, 4843], [4850, 4851], [4852, -4852], [4852, 4853], [4853, 4854], [4853, 4855], [4901, 4903], [4917, 4918], [4934, 4935], [4938, 4939], [4942, 4943], [4983, -4983], [4983, 4985], [4985, 4986], [4985, 4987], [5007, -5007], [5007, 5009], [5009, 5010], [5009, 5011], [5030, 5032], [5063, 5066], [5095, 5096], [5100, 5101], [5151, -5151], [5151, -5148], [5176, 5180], [5180, -5173], [5180, 5181], [5193, 5194], [5199, 5197], [5209, 5210], [5242, 5246], [5247, 5248], [5247, 5249], [5248, -5248], [5248, 5247], [5249, 5250], [5249, 5252], [5250, -5250], [5250, 5249], [5252, 5253], [5252, 5263], [5253, 5252], [5253, 5254], [5256, 5253], [5256, 5257], [5328, 5329], [5360, 5361], [5387, 5391], [5397, 5398], [5401, 5402], [5407, 5382], [5414, 5415], [5416, 5417], [5416, 5426], [5417, 5416], [5417, 5418], [5418, 5419], [5418, 5420], [5421, 5416], [5421, 5422], [5422, -5413], [5422, 5423], [5465, 5466], [5477, 5475], [5478, 5475], [5485, 5486], [5485, 5488], [5486, 5485], [5486, 5487], [5513, 5514], [5513, 5516], [5514, 5513], [5514, 5515], [5554, 5555], [5564, 5565], [5622, 5623], [5650, 5651], [5650, 5654], [5660, 5661], [5660, 5663], [5678, 5679], [5678, 5680], [5694, 5695], [5694, 5698], [5698, 5699], [5698, 5702], [5705, 5706], [5705, 5740], [5717, -5717], [5717, 5718], [5726, 5727], [5726, 5731], [5734, 5735], [5734, 5738], [5741, 5742], [5741, 5744], [5772, 5773], [5787, 5788], [5793, 5794], [5797, 5798], [5802, 5803], [5826, 5830], [5856, 5859], [5875, 5878], [5907, 5910], [5922, 5924], [5936, 5933], [5944, 5949], [5945, 5949], [5955, 5956], [5974, 5975], [5975, 5976], [5975, 5978], [5978, 5979], [5979, 5980], [5979, 5982], [5980, -5980], [5980, 5984], [5982, -5982], [5982, 5984], [5984, 5985], [5987, 5988], [5987, 5997], [5991, 5992], [5991, 5994], [5994, 5995], [5994, 6005], [5998, 5999], [5998, 6001], [6019, 6020], [6024, 6025], [6030, 6031], [6034, 6035], [6075, 6076], [6081, 6082], [6090, 6091], [6231, 6232], [6302, 6303], [6306, 6307], [6317, 6322], [6356, 6357], [6365, 6381], [6366, 6367], [6375, 6376], [6409, 6412], [6414, 6416], [6416, 6417], [6418, 6419], [6463, 6467], [6465, 6463], [6478, 6479], [6481, 6482], [6489, 6490], [6507, 6508], [6521, 6523], [6557, 6558], [6557, 6562], [6558, 6559], [6558, 6560], [6563, 6564], [6563, 6567], [6574, 6575], [6578, 6579], [6580, 6581], [6599, 6601], [6621, 6622], [6626, 6627], [6633, 6636], [6636, -6636], [6636, 6640], [6647, 6648], [6669, 6670], [6710, 6711], [6710, 6713], [6718, -6718], [6718, 6719], [6723, 6724], [6744, 6745], [6775, 6776], [6784, 6785], [6801, 6802], [6805, 6806], [6811, 6814], [6838, 6839], [6847, 6849], [6867, 6868], [6878, 6879], [6901, 6902], [6912, 6913], [6942, 6943], [6953, 6954], [6958, 6959], [7009, 7011], [7044, 7045], [7057, 7058], [7067, 7078], [7093, 7094], [7098, 7099], [7152, 7153], [7153, 7145], [7153, 7154], [7154, 7145], [7154, 7155], [7155, 7145], [7155, 7156], [7156, 7145], [7156, 7158], [7158, 7159], [7204, 7205], [7209, 7210], [7282, 7283], [7286, 7287], [7297, 7313], [7306, 7308], [7306, 7310], [7313, 7314], [7313, 7316], [7320, 7321], [7320, 7325], [7342, -7342], [7342, 7343], [7362, 7363], [7432, 7434], [7447, 7448], [7451, 7452], [7456, 7457], [7462, 7463], [7465, 7468], [7469, 7470], [7474, 7475], [7475, 7476], [7475, 7477], [7477, 7478], [7480, 7482], [7480, 7483], [7489, 7490], [7495, 7496], [7521, 7527], [7536, 7537], [7536, 7581], [7537, 7538], [7537, 7540], [7542, 7543], [7542, 7545], [7548, 7551], [7548, 7554], [7563, 7564], [7563, 7566], [7567, 7568], [7567, 7570], [7571, 7572], [7571, 7574], [7576, 7577], [7576, 7579], [7581, 7582], [7581, 7584], [7595, 7596], [7645, 7646], [7647, 7648], [7647, 7652], [7654, 7655], [7670, 7671], [7670, 7673], [7681, 7684], [7691, 7692], [7691, 7693], [7693, 7694], [7693, 7697], [7698, 7700], [7698, 7703], [7706, 7707], [7706, 7710], [7710, 7711], [7710, 7714], [7721, 7722], [7721, 7728], [7730, 7731], [7730, 7734], [7752, 7753], [7752, 7755], [7758, 7759], [7758, 7781], [7759, 7760], [7759, 7762], [7762, 7763], [7762, 7766], [7763, 7758], [7763, 7764], [7767, 7768], [7767, 7770], [7770, 7758], [7770, 7772], [7777, 7758], [7777, 7778], [7778, 7777], [7778, 7779], [7781, 7782], [7781, 7784], [7784, -7784], [7784, 7786], [7787, 7788], [7787, 7792], [7794, 7795], [7794, 7796], [7810, 7811], [7830, 7831], [7832, 7833], [7832, 7834], [7852, 7856], [7868, -7865], [7883, 7886], [7888, 7871], [7902, 7903], [7906, 7907], [7913, 7914], [7915, 7916], [7915, 7918], [7922, 7962], [7924, 7925], [7945, 7946], [7968, 7969], [7971, 7984], [7975, 7976], [7977, 7978], [7981, 7982], [7990, 7991], [7993, 7994], [7996, 7997], [8007, 8008], [8009, 8025], [8018, 8019], [8025, 8026], [8025, 8027], [8040, 8039], [8041, 8042], [8042, 8039], [8042, 8043], [8050, 8051], [8099, 8100], [8109, 8110], [8114, 8115], [8116, 8119], [8138, 8139], [8144, 8147], [8172, 8176], [8177, 8178], [8177, 8179], [8201, 8202], [8251, 8252], [8252, -8252], [8252, 8253], [8339, 8340], [8343, 8344], [8439, 8440], [8456, 8457], [8489, 8510], [8496, 8510], [8579, 8580], [8583, 8584], [8585, 8586], [8585, 8589], [8625, 8626], [8637, 8649], [8638, 8642], [8642, 8643], [8642, 8647], [8678, 8679], [8682, 8683], [8696, 8697], [8698, 8690], [8698, 8699], [8706, 8707], [8716, 8717], [8763, 8764], [8764, 8765], [8764, 8766], [8766, 8767], [8766, 8769], [8810, 8811], [8817, 8825], [8834, 8836], [8869, 8870], [8898, 8899], [8930, 8931], [8934, 8935], [8980, 8999], [9064, 9065], [9070, 9071], [9084, 9085], [9104, 9105], [9134, 9139], [9136, 9137], [9139, 9140], [9139, 9145], [9141, 9142], [9141, 9148], [9158, 9159], [9166, 9169], [9193, 9194], [9212, 9213], [9216, 9217], [9216, 9220], [9236, 9240], [9243, 9244], [9277, 9278], [9277, 9281], [9282, 9283], [9282, 9285], [9311, 9312], [9334, 9335], [9334, 9337], [9402, 9406], [9406, 9407], [9406, 9408], [9434, 9435], [9434, 9439], [9436, 9437], [9436, 9441], [9441, 9442], [9441, 9446], [9443, 9444], [9443, 9447], [9454, 9462], [9521, 9522], [9535, 9536], [9537, 9538], [9537, 9539], [9554, 9557], [9563, 9568], [9580, 9581], [9594, 9595], [9614, 9615], [9628, 9630], [9721, 9722], [9721, 9723], [9732, 9733], [9732, 9735], [9737, 9738], [9737, 9748], [9743, 9744], [9743, 9748], [9750, 9752], [9793, 9792], [9802, 9800], [9808, 9813], [9835, 9836], [9890, 9892], [9914, 9915], [9926, 9933], [9927, 9931], [9950, 9951], [9976, 9977], [9982, 9983], [9986, 9987], [10011, 10013], [10011, 10015], [10013, -10013], [10013, -10008], [10015, 10017], [10015, 10020], [10017, -10017], [10017, -10008], [10020, -10020], [10020, -10008], [10074, 10075], [10074, 10077], [10105, 10106], [10125, 10126], [10125, 10129], [10129, 10130], [10129, 10131], [10148, 10152], [10170, 10171], [10170, 10174], [10185, 10186], [10200, 10201], [10255, 10256], [10275, 10276], [10318, 10319], [10318, 10322], [10323, 10324], [10323, 10327], [10337, -10337], [10337, 10339], [10356, 10357], [10356, 10363], [10366, 10367], [10366, 10368], [10389, 10390], [10395, 10396], [10400, 10401], [10406, 10407], [10413, 10425], [10417, 10418], [10439, -10437], [10439, 10440], [10440, -10437], [10440, 10441], [10442, 10443], [10442, 10444], [10454, 10456], [10538, 10539], [10594, 10595], [10615, 10616], [10639, -10631], [10639, 10640], [10643, -10643], [10643, 10647], [10657, -10653], [10657, 10662], [10663, 10664], [10663, 10666], [10666, 10667], [10666, 10669], [10713, 10714], [10717, 10718], [10717, 10728], [10722, 10723], [10722, 10728], [10734, 10735], [10734, 10757], [10740, 10741], [10740, 10742], [10742, 10743], [10742, 10744], [10744, 10745], [10744, 10747], [10750, 10751], [10750, 10757], [10757, 10758], [10757, 10775], [10762, -10762], [10762, 10763], [10766, 10767], [10766, 10770], [10767, 10766], [10767, 10768], [10776, 10777], [10776, 10778], [10783, 10785], [10795, 10796], [10809, 10810], [10816, 10817], [10816, 10818], [10828, 10831], [10869, 10870], [10872, 10873], [10902, -10897], [10906, -10897], [10907, -10897], [10908, -10897], [10922, 10923], [10970, 10971], [10975, 10976], [10981, 10982], [11119, 11120], [11122, 11123], [11145, 11146], [11172, 11173], [11211, 11216], [11217, 11222], [11223, 11228], [11233, 11234], [11240, 11241], [11248, 11249], [11255, 11256], [11288, 11289], [11295, 11296], [11296, 11297], [11296, 11301], [11297, -11297], [11297, 11298], [11307, -11307], [11308, 11323], [11311, 11312], [11380, 11381], [11383, -52], [11384, 11385], [11389, 11390], [11411, 11412], [11457, 11461], [11463, 11491], [11466, 11483], [11492, 11493]]}}, "totals": {"covered_lines": 5886, "num_statements": 7766, "percent_covered": 71.56228891247709, "percent_covered_display": "72", "missing_lines": 1880, "excluded_lines": 0, "num_branches": 2597, "num_partial_branches": 415, "covered_branches": 1530, "missing_branches": 1067}}